========================================================================================================
[cco] Working on terminal number 1
[!] Reducing dthreash! Before = 0.0510362 || Now = 0.0484844 
[!] Reducing dthreash! Before = 0.0484844 || Now = 0.0460602 
[!] Reducing dthreash! Before = 0.0460602 || Now = 0.0437572 
[!] Reducing dthreash! Before = 0.0437572 || Now = 0.0415693 
[!] Reducing dthreash! Before = 0.0415693 || Now = 0.0394909 
[!] Reducing dthreash! Before = 0.0394909 || Now = 0.0375163 
[!] Reducing dthreash! Before = 0.0375163 || Now = 0.0356405 
[!] Reducing dthreash! Before = 0.0356405 || Now = 0.0338585 
[!] Reducing dthreash! Before = 0.0338585 || Now = 0.0321656 
[!] Checking collisions!
Feasible segments: 0 
========================================================================================================
========================================================================================================
[cco] Working on terminal number 2
[!] Reducing dthreash! Before = 0.0360881 || Now = 0.0342837 
[!] Reducing dthreash! Before = 0.0342837 || Now = 0.0325695 
[!] Reducing dthreash! Before = 0.0325695 || Now = 0.030941 
[!] Reducing dthreash! Before = 0.030941 || Now = 0.029394 
[!] Reducing dthreash! Before = 0.029394 || Now = 0.0279243 
[!] Checking collisions!
Feasible segments: 0 1 2 
========================================================================================================
========================================================================================================
[cco] Working on terminal number 3
[!] Checking collisions!
Feasible segments: 0 1 2 3 4 
========================================================================================================
========================================================================================================
[cco] Working on terminal number 4
[!] Reducing dthreash! Before = 0.0255181 || Now = 0.0242422 
[!] Reducing dthreash! Before = 0.0242422 || Now = 0.0230301 
[!] Reducing dthreash! Before = 0.0230301 || Now = 0.0218786 
[!] Checking collisions!
Feasible segments: 0 1 2 3 4 5 6 
========================================================================================================
========================================================================================================
[cco] Working on terminal number 5
[!] Reducing dthreash! Before = 0.0228241 || Now = 0.0216829 
[!] Reducing dthreash! Before = 0.0216829 || Now = 0.0205988 
[!] Reducing dthreash! Before = 0.0205988 || Now = 0.0195688 
[!] Checking collisions!
Feasible segments: 0 1 2 3 4 5 6 7 8 
========================================================================================================
========================================================================================================
[cco] Working on terminal number 6
[!] Checking collisions!
Feasible segments: 0 1 2 3 4 5 6 7 8 9 10 
========================================================================================================
========================================================================================================
[cco] Working on terminal number 7
[!] Checking collisions!
Feasible segments: 0 1 2 3 4 5 6 7 8 9 10 11 12 
========================================================================================================
========================================================================================================
[cco] Working on terminal number 8
[!] Reducing dthreash! Before = 0.018044 || Now = 0.0171418 
[!] Reducing dthreash! Before = 0.0171418 || Now = 0.0162847 
[!] Checking collisions!
Feasible segments: 0 1 2 3 4 5 6 7 8 9 10 11 12 13 14 
========================================================================================================
========================================================================================================
[cco] Working on terminal number 9
[!] Reducing dthreash! Before = 0.0170121 || Now = 0.0161615 
[!] Checking collisions!
Feasible segments: 0 1 2 3 4 5 6 7 8 9 10 11 12 13 14 15 16 
========================================================================================================
========================================================================================================
[cco] Working on terminal number 10
[!] Reducing dthreash! Before = 0.0161391 || Now = 0.0153321 
[!] Checking collisions!
Feasible segments: 0 1 2 3 4 5 6 7 8 9 10 11 12 13 14 15 16 17 18 
========================================================================================================
========================================================================================================
[cco] Working on terminal number 11
[!] Reducing dthreash! Before = 0.015388 || Now = 0.0146186 
[!] Checking collisions!
Feasible segments: 0 1 2 3 4 5 6 7 8 9 10 11 12 13 14 15 16 17 18 19 20 
========================================================================================================
========================================================================================================
[cco] Working on terminal number 12
[!] Reducing dthreash! Before = 0.0147329 || Now = 0.0139962 
[!] Reducing dthreash! Before = 0.0139962 || Now = 0.0132964 
[!] Reducing dthreash! Before = 0.0132964 || Now = 0.0126316 
[!] Checking collisions!
Feasible segments: 0 1 2 3 4 5 6 7 8 9 10 11 12 13 14 15 16 17 18 19 20 21 22 
========================================================================================================
========================================================================================================
[cco] Working on terminal number 13
[!] Reducing dthreash! Before = 0.0141549 || Now = 0.0134472 
[!] Checking collisions!
Feasible segments: 0 1 2 3 4 5 6 7 8 9 10 11 12 13 14 15 16 17 18 19 20 21 22 23 24 
========================================================================================================
========================================================================================================
[cco] Working on terminal number 14
[!] Reducing dthreash! Before = 0.01364 || Now = 0.012958 
[!] Checking collisions!
Feasible segments: 0 1 2 3 4 5 6 7 8 9 10 11 12 13 14 15 16 17 18 19 20 21 22 23 24 25 26 
========================================================================================================
========================================================================================================
[cco] Working on terminal number 15
[!] Reducing dthreash! Before = 0.0131775 || Now = 0.0125186 
[!] Checking collisions!
Feasible segments: 0 1 2 3 4 5 6 7 8 9 10 11 12 13 14 15 16 17 18 19 20 21 22 23 24 25 26 27 28 
========================================================================================================
========================================================================================================
[cco] Working on terminal number 16
[!] Checking collisions!
Feasible segments: 0 1 2 3 4 5 6 7 8 9 10 11 12 13 14 15 16 17 18 19 20 21 22 23 24 25 26 27 28 29 30 
========================================================================================================
========================================================================================================
[cco] Working on terminal number 17
[!] Checking collisions!
Feasible segments: 0 1 2 3 4 5 6 7 8 9 10 11 12 13 14 15 16 17 18 19 20 21 22 23 24 25 26 27 28 29 30 31 32 
========================================================================================================
========================================================================================================
[cco] Working on terminal number 18
[!] Checking collisions!
Feasible segments: 0 1 2 3 4 5 6 7 8 9 10 11 12 13 14 15 16 17 18 19 20 21 22 23 24 25 26 27 28 29 30 31 32 33 34 
========================================================================================================
========================================================================================================
[cco] Working on terminal number 19
[!] Reducing dthreash! Before = 0.0117085 || Now = 0.0111231 
[!] Checking collisions!
Feasible segments: 0 1 2 3 4 5 6 7 8 9 10 11 12 13 14 15 16 17 18 19 20 21 22 23 24 25 26 27 28 29 30 31 32 33 34 35 36 
========================================================================================================
========================================================================================================
[cco] Working on terminal number 20
[!] Reducing dthreash! Before = 0.0114121 || Now = 0.0108414 
[!] Reducing dthreash! Before = 0.0108414 || Now = 0.0102994 
[!] Reducing dthreash! Before = 0.0102994 || Now = 0.00978441 
[!] Checking collisions!
Feasible segments: 0 1 2 3 4 5 6 7 8 9 10 11 12 13 14 15 16 17 18 19 20 21 22 23 24 25 26 27 28 29 30 31 32 33 34 35 36 37 38 
========================================================================================================
========================================================================================================
[cco] Working on terminal number 21
[!] Reducing dthreash! Before = 0.011137 || Now = 0.0105802 
[!] Checking collisions!
Feasible segments: 0 1 2 3 4 5 6 7 8 9 10 11 12 13 14 15 16 17 18 19 20 21 22 23 24 25 26 27 28 29 30 31 32 33 34 35 36 37 38 39 40 
========================================================================================================
========================================================================================================
[cco] Working on terminal number 22
[!] Checking collisions!
Feasible segments: 0 1 2 3 4 5 6 7 8 9 10 11 12 13 14 15 16 17 18 19 20 21 22 23 24 25 26 27 28 29 30 31 32 33 34 35 36 37 38 39 40 41 42 
========================================================================================================
========================================================================================================
[cco] Working on terminal number 23
[!] Checking collisions!
Feasible segments: 0 1 2 3 4 5 6 7 8 9 10 11 12 13 14 15 16 17 18 19 20 21 22 23 24 25 26 27 28 29 30 31 32 33 34 35 36 37 38 39 40 41 42 43 44 
========================================================================================================
========================================================================================================
[cco] Working on terminal number 24
[!] Reducing dthreash! Before = 0.0104177 || Now = 0.00989684 
[!] Checking collisions!
Feasible segments: 0 1 2 3 4 5 6 7 8 9 10 11 12 13 14 15 16 17 18 19 20 21 22 23 24 25 26 27 28 29 30 31 32 33 34 35 36 37 38 39 40 41 42 43 44 45 46 
========================================================================================================
========================================================================================================
[cco] Working on terminal number 25
[!] Checking collisions!
Feasible segments: 0 1 2 3 4 5 6 7 8 9 10 11 12 13 14 15 16 17 18 19 20 21 22 23 24 25 26 27 28 29 30 31 32 33 34 35 36 37 38 39 40 41 42 43 44 45 46 47 48 
========================================================================================================
========================================================================================================
[cco] Working on terminal number 26
[!] Reducing dthreash! Before = 0.010009 || Now = 0.00950858 
[!] Checking collisions!
Feasible segments: 0 1 2 3 4 5 6 7 8 9 10 11 12 13 14 15 16 17 18 19 20 21 22 23 24 25 26 27 28 29 30 31 32 33 34 35 36 37 38 39 40 41 42 43 44 45 46 47 48 49 50 
========================================================================================================
========================================================================================================
[cco] Working on terminal number 27
[!] Checking collisions!
Feasible segments: 0 1 2 3 4 5 6 7 8 9 10 11 12 13 14 15 16 17 18 19 20 21 22 23 24 25 26 27 28 29 30 31 32 33 34 35 36 37 38 39 40 41 42 43 44 45 46 47 48 49 50 51 52 
========================================================================================================
========================================================================================================
[cco] Working on terminal number 28
[!] Checking collisions!
Feasible segments: 0 1 2 3 4 5 6 7 8 9 10 11 12 13 14 15 16 17 18 19 20 21 22 23 24 25 26 27 28 29 30 31 32 33 34 35 36 37 38 39 40 41 42 43 44 45 46 47 48 49 50 51 52 53 54 
========================================================================================================
========================================================================================================
[cco] Working on terminal number 29
[!] Checking collisions!
Feasible segments: 0 1 2 3 4 5 6 7 8 9 10 11 12 13 14 15 16 17 18 19 20 21 22 23 24 25 26 27 28 29 30 31 32 33 34 35 36 37 38 39 40 41 42 43 44 45 46 47 48 49 50 51 52 53 54 55 56 
========================================================================================================
========================================================================================================
[cco] Working on terminal number 30
[!] Reducing dthreash! Before = 0.0093179 || Now = 0.00885201 
[!] Checking collisions!
Feasible segments: 0 1 2 3 4 5 6 7 8 9 10 11 12 13 14 15 16 17 18 19 20 21 22 23 24 25 26 27 28 29 30 31 32 33 34 35 36 37 38 39 40 41 42 43 44 45 46 47 48 49 50 51 52 53 54 55 56 57 58 
========================================================================================================
========================================================================================================
[cco] Working on terminal number 31
[!] Checking collisions!
Feasible segments: 0 1 2 3 4 5 6 7 8 9 10 11 12 13 14 15 16 17 18 19 20 21 22 23 24 25 26 27 28 29 30 31 32 33 34 35 36 37 38 39 40 41 42 43 44 45 46 47 48 49 50 51 52 53 54 55 56 57 58 59 60 
========================================================================================================
========================================================================================================
[cco] Working on terminal number 32
[!] Checking collisions!
Feasible segments: 0 1 2 3 4 5 6 7 8 9 10 11 12 13 14 15 16 17 18 19 20 21 22 23 24 25 26 27 28 29 30 31 32 33 34 35 36 37 38 39 40 41 42 43 44 45 46 47 48 49 50 51 52 53 54 55 56 57 58 59 60 61 62 
========================================================================================================
========================================================================================================
[cco] Working on terminal number 33
[!] Checking collisions!
Feasible segments: 0 1 2 3 4 5 6 7 8 9 10 11 12 13 14 15 16 17 18 19 20 21 22 23 24 25 26 27 28 29 30 31 32 33 34 35 36 37 38 39 40 41 42 43 44 45 46 47 48 49 50 51 52 53 54 55 56 57 58 59 60 61 62 63 64 
========================================================================================================
========================================================================================================
[cco] Working on terminal number 34
[!] Checking collisions!
Feasible segments: 0 1 2 3 4 5 6 7 8 9 10 11 12 13 14 15 16 17 18 19 20 21 22 23 24 25 26 27 28 29 30 31 32 33 34 35 36 37 38 39 40 41 42 43 44 45 46 47 48 49 50 51 52 53 54 55 56 57 58 59 60 61 62 63 64 65 66 
========================================================================================================
========================================================================================================
[cco] Working on terminal number 35
[!] Checking collisions!
Feasible segments: 0 1 2 3 4 5 6 7 8 9 10 11 12 13 14 15 16 17 18 19 20 21 22 23 24 25 26 27 28 29 30 31 32 33 34 35 36 37 38 39 40 41 42 43 44 45 46 47 48 49 50 51 52 53 54 55 56 57 58 59 60 61 62 63 64 65 66 67 68 
========================================================================================================
========================================================================================================
[cco] Working on terminal number 36
[!] Checking collisions!
Feasible segments: 0 1 2 3 4 5 6 7 8 9 10 11 12 13 14 15 16 17 18 19 20 21 22 23 24 25 26 27 28 29 30 31 32 33 34 35 36 37 38 39 40 41 42 43 44 45 46 47 48 49 50 51 52 53 54 55 56 57 58 59 60 61 62 63 64 65 66 67 68 69 70 
========================================================================================================
========================================================================================================
[cco] Working on terminal number 37
[!] Checking collisions!
Feasible segments: 0 1 2 3 4 5 6 7 8 9 10 11 12 13 14 15 16 17 18 19 20 21 22 23 24 25 26 27 28 29 30 31 32 33 34 35 36 37 38 39 40 41 42 43 44 45 46 47 48 49 50 51 52 53 54 55 56 57 58 59 60 61 62 63 64 65 66 67 68 69 70 71 72 
========================================================================================================
========================================================================================================
[cco] Working on terminal number 38
[!] Checking collisions!
Feasible segments: 0 1 2 3 4 5 6 7 8 9 10 11 12 13 14 15 16 17 18 19 20 21 22 23 24 25 26 27 28 29 30 31 32 33 34 35 36 37 38 39 40 41 42 43 44 45 46 47 48 49 50 51 52 53 54 55 56 57 58 59 60 61 62 63 64 65 66 67 68 69 70 71 72 73 74 
========================================================================================================
========================================================================================================
[cco] Working on terminal number 39
[!] Checking collisions!
Feasible segments: 0 1 2 3 4 5 6 7 8 9 10 11 12 13 14 15 16 17 18 19 20 21 22 23 24 25 26 27 28 29 30 31 32 33 34 35 36 37 38 39 40 41 42 43 44 45 46 47 48 49 50 51 52 53 54 55 56 57 58 59 60 61 62 63 64 65 66 67 68 69 70 71 72 73 74 75 76 
========================================================================================================
========================================================================================================
[cco] Working on terminal number 40
[!] Reducing dthreash! Before = 0.00806954 || Now = 0.00766606 
[!] Checking collisions!
Feasible segments: 0 1 2 3 4 5 6 7 8 9 10 11 12 13 14 15 16 17 18 19 20 21 22 23 24 25 26 27 28 29 30 31 32 33 34 35 36 37 38 39 40 41 42 43 44 45 46 47 48 49 50 51 52 53 54 55 56 57 58 59 60 61 62 63 64 65 66 67 68 69 70 71 72 73 74 75 76 77 78 
========================================================================================================
========================================================================================================
[cco] Working on terminal number 41
[!] Checking collisions!
Feasible segments: 0 1 2 3 4 5 6 7 8 9 10 11 12 13 14 15 16 17 18 19 20 21 22 23 24 25 26 27 28 29 30 31 32 33 34 35 36 37 38 39 40 41 42 43 44 45 46 47 48 49 50 51 52 53 54 55 56 57 58 59 60 61 62 63 64 65 66 67 68 69 70 71 72 73 74 75 76 77 78 79 80 
========================================================================================================
========================================================================================================
[cco] Working on terminal number 42
[!] Checking collisions!
Feasible segments: 0 1 2 3 4 5 6 7 8 9 10 11 12 13 14 15 16 17 18 19 20 21 22 23 24 25 26 27 28 29 30 31 32 33 34 35 36 37 38 39 40 41 42 43 44 45 46 47 48 49 50 51 52 53 54 55 56 57 58 59 60 61 62 63 64 65 66 67 68 69 70 71 72 73 74 75 76 77 78 79 80 81 82 
========================================================================================================
========================================================================================================
[cco] Working on terminal number 43
[!] Checking collisions!
Feasible segments: 0 1 2 3 4 5 6 7 8 9 10 11 12 13 14 15 16 17 18 19 20 21 22 23 24 25 26 27 28 29 30 31 32 33 34 35 36 37 38 39 40 41 42 43 44 45 46 47 48 49 50 51 52 53 54 55 56 57 58 59 60 61 62 63 64 65 66 67 68 69 70 71 72 73 74 75 76 77 78 79 80 81 82 83 84 
========================================================================================================
========================================================================================================
[cco] Working on terminal number 44
[!] Checking collisions!
Feasible segments: 0 1 2 3 4 5 6 7 8 9 10 11 12 13 14 15 16 17 18 19 20 21 22 23 24 25 26 27 28 29 30 31 32 33 34 35 36 37 38 39 40 41 42 43 44 45 46 47 48 49 50 51 52 53 54 55 56 57 58 59 60 61 62 63 64 65 66 67 68 69 70 71 72 73 74 75 76 77 78 79 80 81 82 83 84 85 86 
========================================================================================================
========================================================================================================
[cco] Working on terminal number 45
[!] Checking collisions!
Feasible segments: 0 1 2 3 4 5 6 7 8 9 10 11 12 13 14 15 16 17 18 19 20 21 22 23 24 25 26 27 28 29 30 31 32 33 34 35 36 37 38 39 40 41 42 43 44 45 46 47 48 49 50 51 52 53 54 55 56 57 58 59 60 61 62 63 64 65 66 67 68 69 70 71 72 73 74 75 76 77 78 79 80 81 82 83 84 85 86 87 88 
========================================================================================================
========================================================================================================
[cco] Working on terminal number 46
[!] Checking collisions!
Feasible segments: 0 1 2 3 4 5 6 7 8 9 10 11 12 13 14 15 16 17 18 19 20 21 22 23 24 25 26 27 28 29 30 31 32 33 34 35 36 37 38 39 40 41 42 43 44 45 46 47 48 49 50 51 52 53 54 55 56 57 58 59 60 61 62 63 64 65 66 67 68 69 70 71 72 73 74 75 76 77 78 79 80 81 82 83 84 85 86 87 88 89 90 
========================================================================================================
========================================================================================================
[cco] Working on terminal number 47
[!] Checking collisions!
Feasible segments: 0 1 2 3 4 5 6 7 8 9 10 11 12 13 14 15 16 17 18 19 20 21 22 23 24 25 26 27 28 29 30 31 32 33 34 35 36 37 38 39 40 41 42 43 44 45 46 47 48 49 50 51 52 53 54 55 56 57 58 59 60 61 62 63 64 65 66 67 68 69 70 71 72 73 74 75 76 77 78 79 80 81 82 83 84 85 86 87 88 89 90 91 92 
========================================================================================================
========================================================================================================
[cco] Working on terminal number 48
[!] Checking collisions!
Feasible segments: 0 1 2 3 4 5 6 7 8 9 10 11 12 13 14 15 16 17 18 19 20 21 22 23 24 25 26 27 28 29 30 31 32 33 34 35 36 37 38 39 40 41 42 43 44 45 46 47 48 49 50 51 52 53 54 55 56 57 58 59 60 61 62 63 64 65 66 67 68 69 70 71 72 73 74 75 76 77 78 79 80 81 82 83 84 85 86 87 88 89 90 91 92 93 94 
========================================================================================================
========================================================================================================
[cco] Working on terminal number 49
[!] Checking collisions!
Feasible segments: 0 1 2 3 4 5 6 7 8 9 10 11 12 13 14 15 16 17 18 19 20 21 22 23 24 25 26 27 28 29 30 31 32 33 34 35 36 37 38 39 40 41 42 43 44 45 46 47 48 49 50 51 52 53 54 55 56 57 58 59 60 61 62 63 64 65 66 67 68 69 70 71 72 73 74 75 76 77 78 79 80 81 82 83 84 85 86 87 88 89 90 91 92 93 94 95 96 
========================================================================================================
========================================================================================================
Number of node in list = 100
Node 0 -- Point(0,0,0.0287941)
Node 1 -- Point(-0.00108484,0.0168429,-0.0217502)
Node 2 -- Point(-0.00516154,-0.00231368,0.00850432)
Node 3 -- Point(-0.0175042,-0.0226999,-0.000345742)
Node 4 -- Point(-0.00671551,-0.0100028,0.0022322)
Node 5 -- Point(0.00754242,-0.0179196,-0.0192286)
Node 6 -- Point(-0.00154846,-0.000694104,0.0227072)
Node 7 -- Point(0.0268245,0.00230906,0.000501101)
Node 8 -- Point(-0.00263239,-0.00117998,0.0184463)
Node 9 -- Point(-0.0136619,0.0205079,0.00934509)
Node 10 -- Point(0.0111593,-0.0053976,0.0117847)
Node 11 -- Point(0.0195166,-0.0200664,0.00273204)
Node 12 -- Point(-0.00440279,-0.00197357,0.0114869)
Node 13 -- Point(-0.028224,0.00262611,-0.0039035)
Node 14 -- Point(0.00309336,0.0058784,-0.00902372)
Node 15 -- Point(0.0196612,0.00505056,-0.0195193)
Node 16 -- Point(-0.0035443,-0.0110683,-0.0100163)
Node 17 -- Point(-0.00761084,-0.00702226,-0.0231174)
Node 18 -- Point(0.0187379,0.00336605,0.00383052)
Node 19 -- Point(0.0203226,0.0170935,-0.00372749)
Node 20 -- Point(-0.000464539,-0.000208231,0.026968)
Node 21 -- Point(0.0131111,0.0143551,0.0181986)
Node 22 -- Point(-0.00125839,0.00484795,-0.00100788)
Node 23 -- Point(-0.00263625,0.0236794,-0.00560383)
Node 24 -- Point(-0.0104462,0.00614691,0.0150828)
Node 25 -- Point(-0.0210851,0.00639785,0.014235)
Node 26 -- Point(-0.00394206,-0.0124668,-0.00183233)
Node 27 -- Point(0.00697893,-0.0255478,-0.00317811)
Node 28 -- Point(0.00769385,0.0108853,0.0171038)
Node 29 -- Point(0.00927884,0.0186068,0.00426645)
Node 30 -- Point(-0.0113488,-0.0134456,-5.142e-05)
Node 31 -- Point(-0.0190039,-0.0101069,-0.00910764)
Node 32 -- Point(0.0136411,-0.00972064,0.0067128)
Node 33 -- Point(0.0127691,-0.00798655,-0.00698434)
Node 34 -- Point(-0.0151758,0.00199414,-0.000657905)
Node 35 -- Point(-0.0156536,0.00694006,-0.0142984)
Node 36 -- Point(-0.00316351,-0.00141806,0.0163585)
Node 37 -- Point(-0.000280186,-0.0214673,0.012576)
Node 38 -- Point(-0.00958189,-0.00216136,0.00764258)
Node 39 -- Point(-0.0206198,-0.0109669,0.00744953)
Node 40 -- Point(0.015135,-0.00297751,0.00957274)
Node 41 -- Point(0.0249412,-0.00501255,0.0113253)
Node 42 -- Point(-0.00382273,-0.0120472,-0.00428752)
Node 43 -- Point(-0.0103701,-0.0224925,-0.0120978)
Node 44 -- Point(-0.002297,-0.0084722,-0.0163346)
Node 45 -- Point(0.00439595,-0.00526458,-0.0213522)
Node 46 -- Point(-0.00476607,0.0153984,-0.00642765)
Node 47 -- Point(-0.0122111,0.0210063,-0.0151117)
Node 48 -- Point(0.00526057,0.0051981,0.0219779)
Node 49 -- Point(0.0153712,0.00433539,0.0216217)
Node 50 -- Point(-0.000789716,-0.000353993,0.0256898)
Node 51 -- Point(-0.00511565,0.0123676,0.0223506)
Node 52 -- Point(0.00711626,0.0161243,0.0133968)
Node 53 -- Point(0.00427247,0.0229774,0.0148678)
Node 54 -- Point(0.0119038,-0.00669451,0.0102631)
Node 55 -- Point(0.0139239,-0.019059,0.0135949)
Node 56 -- Point(-0.0139368,0.0162692,0.00825103)
Node 57 -- Point(-0.0183189,0.0217823,-0.00111969)
Node 58 -- Point(-0.00362783,-0.011362,-0.00829765)
Node 59 -- Point(-0.0123887,-0.00386227,-0.014732)
Node 60 -- Point(-0.000588106,-0.000263621,0.0264823)
Node 61 -- Point(-0.00142702,-0.0138052,0.0251504)
Node 62 -- Point(-0.00496224,-0.0131544,0.014734)
Node 63 -- Point(-0.0128828,-0.0204203,0.0148795)
Node 64 -- Point(0.0218174,0.00337841,0.000728439)
Node 65 -- Point(0.0251391,0.00549285,-0.0119062)
Node 66 -- Point(-0.000278573,-0.0195623,0.0123528)
Node 67 -- Point(0.00641422,-0.0265392,0.00869595)
Node 68 -- Point(0.00586871,-0.0139458,-0.0164462)
Node 69 -- Point(0.0142354,-0.0115575,-0.0198201)
Node 70 -- Point(-0.00214344,0.0126437,-0.00549509)
Node 71 -- Point(0.00519782,0.0220985,-0.0133159)
Node 72 -- Point(-0.00317619,-0.00674687,0.0146729)
Node 73 -- Point(0.00124271,-0.0101401,0.00837982)
Node 74 -- Point(0.000980842,-0.0106329,0.0245069)
Node 75 -- Point(0.00621373,-0.0179515,0.0213299)
Node 76 -- Point(-0.000499372,0.00521117,-0.00579871)
Node 77 -- Point(-0.00671622,0.00486626,-0.0151885)
Node 78 -- Point(-0.00242934,0.00269946,0.00184578)
Node 79 -- Point(0.00658823,0.00849082,0.0030291)
Node 80 -- Point(-0.00809496,-0.0162331,-0.0102542)
Node 81 -- Point(-0.011598,-0.0150592,-0.016671)
Node 82 -- Point(-0.0118241,0.0103152,0.0137643)
Node 83 -- Point(-0.0135562,0.016399,0.01884)
Node 84 -- Point(-0.00789433,0.00243123,0.0174301)
Node 85 -- Point(-0.0162181,0.00211031,0.021518)
Node 86 -- Point(-0.0142285,0.0132711,0.0103225)
Node 87 -- Point(-0.0225093,0.0131413,0.00611353)
Node 88 -- Point(-0.00230721,-0.00103422,0.0197246)
Node 89 -- Point(-0.011577,-0.00631299,0.0195374)
Node 90 -- Point(-0.00353529,-0.00158471,0.014897)
Node 91 -- Point(-0.00318279,0.00600651,0.0116985)
Node 92 -- Point(0.0201279,-0.0051269,0.00855476)
Node 93 -- Point(0.0245617,-0.00890959,0.00443493)
Node 94 -- Point(0.0156216,-0.00861853,0.000825286)
Node 95 -- Point(0.0214617,-0.00727089,-0.00257364)
Node 96 -- Point(0.021649,0.00276863,-0.00557242)
Node 97 -- Point(0.0183689,-0.000611742,-0.0109449)
Node 98 -- Point(-0.0201083,0.000155204,-0.0023715)
Node 99 -- Point(-0.0216078,-0.00511518,-0.00399596)
========================================================================================================
========================================================================================================
Number of segment_node in list = 99
Segment 0 (14,1) -- Source(0.00309336,0.0058784,-0.00902372) - Destination(-0.00108484,0.0168429,-0.0217502) -- NDIST = 1
	BETA = 0.781031
	RESISTANCE = 0.000158687 -- RADIUS = 0.000365156 -- DELTA_P = 1.85061e-11
	PARENT = 13 -- LEFT = NIL -- RIGHT = NIL
Segment 1 (12,2) -- Source(-0.00440279,-0.00197357,0.0114869) - Destination(-0.00516154,-0.00231368,0.00850432) -- NDIST = 17
	BETA = 0.938523
	RESISTANCE = 0.0006202 -- RADIUS = 0.000876232 -- DELTA_P = 1.79238e-09
	PARENT = 11 -- LEFT = 3 -- RIGHT = 77
Segment 2 (30,3) -- Source(-0.0113488,-0.0134456,-5.142e-05) - Destination(-0.0175042,-0.0226999,-0.000345742) -- NDIST = 1
	BETA = 0.783397
	RESISTANCE = 0.000101925 -- RADIUS = 0.000319819 -- DELTA_P = 1.18865e-11
	PARENT = 29 -- LEFT = NIL -- RIGHT = NIL
Segment 3 (2,4) -- Source(-0.00516154,-0.00231368,0.00850432) - Destination(-0.00671551,-0.0100028,0.0022322) -- NDIST = 10
	BETA = 0.834084
	RESISTANCE = 0.000486938 -- RADIUS = 0.000730851 -- DELTA_P = 8.27794e-10
	PARENT = 1 -- LEFT = 25 -- RIGHT = 29
Segment 4 (68,5) -- Source(0.00586871,-0.0139458,-0.0164462) - Destination(0.00754242,-0.0179196,-0.0192286) -- NDIST = 1
	BETA = 0.730434
	RESISTANCE = 4.70436e-05 -- RADIUS = 0.000330814 -- DELTA_P = 5.48623e-12
	PARENT = 67 -- LEFT = NIL -- RIGHT = NIL
Segment 5 (50,6) -- Source(-0.000789716,-0.000353993,0.0256898) - Destination(-0.00154846,-0.000694104,0.0227072) -- NDIST = 43
	BETA = 0.995286
	RESISTANCE = 0.000852203 -- RADIUS = 0.00114154 -- DELTA_P = 6.10501e-09
	PARENT = 49 -- LEFT = 9 -- RIGHT = 87
Segment 6 (64,7) -- Source(0.0218174,0.00337841,0.000728439) - Destination(0.0268245,0.00230906,0.000501101) -- NDIST = 1
	BETA = 0.588984
	RESISTANCE = 4.69825e-05 -- RADIUS = 0.000290713 -- DELTA_P = 5.4791e-12
	PARENT = 63 -- LEFT = NIL -- RIGHT = NIL
Segment 7 (88,8) -- Source(-0.00230721,-0.00103422,0.0197246) - Destination(-0.00263239,-0.00117998,0.0184463) -- NDIST = 32
	BETA = 0.994557
	RESISTANCE = 0.000727094 -- RADIUS = 0.00103764 -- DELTA_P = 3.87628e-09
	PARENT = 87 -- LEFT = 83 -- RIGHT = 35
Segment 8 (56,9) -- Source(-0.0139368,0.0162692,0.00825103) - Destination(-0.0136619,0.0205079,0.00934509) -- NDIST = 1
	BETA = 0.68655
	RESISTANCE = 4.02101e-05 -- RADIUS = 0.000287925 -- DELTA_P = 4.6893e-12
	PARENT = 55 -- LEFT = NIL -- RIGHT = NIL
Segment 9 (6,10) -- Source(-0.00154846,-0.000694104,0.0227072) - Destination(0.0111593,-0.0053976,0.0117847) -- NDIST = 10
	BETA = 0.618462
	RESISTANCE = 0.000518264 -- RADIUS = 0.000705999 -- DELTA_P = 8.81049e-10
	PARENT = 5 -- LEFT = 53 -- RIGHT = 39
Segment 10 (32,11) -- Source(0.0136411,-0.00972064,0.0067128) - Destination(0.0195166,-0.0200664,0.00273204) -- NDIST = 1
	BETA = 0.692748
	RESISTANCE = 0.000115014 -- RADIUS = 0.000324171 -- DELTA_P = 1.34129e-11
	PARENT = 31 -- LEFT = NIL -- RIGHT = NIL
Segment 11 (90,12) -- Source(-0.00353529,-0.00158471,0.014897) - Destination(-0.00440279,-0.00197357,0.0114869) -- NDIST = 21
	BETA = 0.99354
	RESISTANCE = 0.000679569 -- RADIUS = 0.000933629 -- DELTA_P = 2.37754e-09
	PARENT = 89 -- LEFT = 37 -- RIGHT = 1
Segment 12 (98,13) -- Source(-0.0201083,0.000155204,-0.0023715) - Destination(-0.028224,0.00262611,-0.0039035) -- NDIST = 1
	BETA = 0.832256
	RESISTANCE = 7.90286e-05 -- RADIUS = 0.000343647 -- DELTA_P = 1.31662e-11
	PARENT = 97 -- LEFT = NIL -- RIGHT = NIL
Segment 13 (76,14) -- Source(-0.000499372,0.00521117,-0.00579871) - Destination(0.00309336,0.0058784,-0.00902372) -- NDIST = 2
	BETA = 0.916416
	RESISTANCE = 0.000257905 -- RADIUS = 0.000467531 -- DELTA_P = 8.76876e-11
	PARENT = 75 -- LEFT = 14 -- RIGHT = 0
Segment 14 (14,15) -- Source(0.00309336,0.0058784,-0.00902372) - Destination(0.0196612,0.00505056,-0.0195193) -- NDIST = 1
	BETA = 0.805978
	RESISTANCE = 0.000179954 -- RADIUS = 0.00037682 -- DELTA_P = 2.09862e-11
	PARENT = 13 -- LEFT = NIL -- RIGHT = NIL
Segment 15 (58,16) -- Source(-0.00362783,-0.011362,-0.00829765) - Destination(-0.0035443,-0.0110683,-0.0100163) -- NDIST = 4
	BETA = 0.938069
	RESISTANCE = 0.000240301 -- RADIUS = 0.000561104 -- DELTA_P = 1.63405e-10
	PARENT = 57 -- LEFT = 43 -- RIGHT = 67
Segment 16 (44,17) -- Source(-0.002297,-0.0084722,-0.0163346) - Destination(-0.00761084,-0.00702226,-0.0231174) -- NDIST = 1
	BETA = 0.791212
	RESISTANCE = 8.01006e-05 -- RADIUS = 0.00034618 -- DELTA_P = 9.34133e-12
	PARENT = 43 -- LEFT = NIL -- RIGHT = NIL
Segment 17 (40,18) -- Source(0.015135,-0.00297751,0.00957274) - Destination(0.0187379,0.00336605,0.00383052) -- NDIST = 4
	BETA = 0.911567
	RESISTANCE = 0.000282716 -- RADIUS = 0.000550555 -- DELTA_P = 1.92247e-10
	PARENT = 39 -- LEFT = 18 -- RIGHT = 63
Segment 18 (18,19) -- Source(0.0187379,0.00336605,0.00383052) - Destination(0.0203226,0.0170935,-0.00372749) -- NDIST = 1
	BETA = 0.653762
	RESISTANCE = 0.00014439 -- RADIUS = 0.000359932 -- DELTA_P = 1.68388e-11
	PARENT = 17 -- LEFT = NIL -- RIGHT = NIL
Segment 19 (0,20) -- Source(0,0,0.0287941) - Destination(-0.000464539,-0.000208231,0.026968) -- NDIST = 50
	BETA = -1
	RESISTANCE = 0.000883409 -- RADIUS = 0.00118595 -- DELTA_P = 7.3588e-09
	PARENT = NIL -- LEFT = 47 -- RIGHT = 59
Segment 20 (28,21) -- Source(0.00769385,0.0108853,0.0171038) - Destination(0.0131111,0.0143551,0.0181986) -- NDIST = 1
	BETA = 0.605955
	RESISTANCE = 5.98227e-05 -- RADIUS = 0.00027434 -- DELTA_P = 6.97652e-12
	PARENT = 27 -- LEFT = NIL -- RIGHT = NIL
Segment 21 (78,22) -- Source(-0.00242934,0.00269946,0.00184578) - Destination(-0.00125839,0.00484795,-0.00100788) -- NDIST = 6
	BETA = 0.970426
	RESISTANCE = 0.000384142 -- RADIUS = 0.000636657 -- DELTA_P = 3.91824e-10
	PARENT = 77 -- LEFT = 69 -- RIGHT = 75
Segment 22 (46,23) -- Source(-0.00476607,0.0153984,-0.00642765) - Destination(-0.00263625,0.0236794,-0.00560383) -- NDIST = 1
	BETA = 0.752815
	RESISTANCE = 7.87487e-05 -- RADIUS = 0.000327922 -- DELTA_P = 9.18367e-12
	PARENT = 45 -- LEFT = NIL -- RIGHT = NIL
Segment 23 (84,24) -- Source(-0.00789433,0.00243123,0.0174301) - Destination(-0.0104462,0.00614691,0.0150828) -- NDIST = 5
	BETA = 0.961304
	RESISTANCE = 0.00027022 -- RADIUS = 0.000538108 -- DELTA_P = 2.29687e-10
	PARENT = 83 -- LEFT = 24 -- RIGHT = 81
Segment 24 (24,25) -- Source(-0.0104462,0.00614691,0.0150828) - Destination(-0.0210851,0.00639785,0.014235) -- NDIST = 1
	BETA = 0.543917
	RESISTANCE = 9.78663e-05 -- RADIUS = 0.000292686 -- DELTA_P = 1.14132e-11
	PARENT = 23 -- LEFT = NIL -- RIGHT = NIL
Segment 25 (4,26) -- Source(-0.00671551,-0.0100028,0.0022322) - Destination(-0.00394206,-0.0124668,-0.00183233) -- NDIST = 8
	BETA = 0.938157
	RESISTANCE = 0.000382348 -- RADIUS = 0.000685653 -- DELTA_P = 5.19993e-10
	PARENT = 3 -- LEFT = 26 -- RIGHT = 41
Segment 26 (26,27) -- Source(-0.00394206,-0.0124668,-0.00183233) - Destination(0.00697893,-0.0255478,-0.00317811) -- NDIST = 1
	BETA = 0.492885
	RESISTANCE = 0.000156703 -- RADIUS = 0.000337948 -- DELTA_P = 1.82747e-11
	PARENT = 25 -- LEFT = NIL -- RIGHT = NIL
Segment 27 (48,28) -- Source(0.00526057,0.0051981,0.0219779) - Destination(0.00769385,0.0108853,0.0171038) -- NDIST = 3
	BETA = 0.933308
	RESISTANCE = 0.000220102 -- RADIUS = 0.00045274 -- DELTA_P = 1.12252e-10
	PARENT = 47 -- LEFT = 51 -- RIGHT = 20
Segment 28 (52,29) -- Source(0.00711626,0.0161243,0.0133968) - Destination(0.00927884,0.0186068,0.00426645) -- NDIST = 1
	BETA = 0.817633
	RESISTANCE = 8.89762e-05 -- RADIUS = 0.000340389 -- DELTA_P = 1.03764e-11
	PARENT = 51 -- LEFT = NIL -- RIGHT = NIL
Segment 29 (4,30) -- Source(-0.00671551,-0.0100028,0.0022322) - Destination(-0.0113488,-0.0134456,-5.142e-05) -- NDIST = 2
	BETA = 0.55859
	RESISTANCE = 0.000192216 -- RADIUS = 0.000408246 -- DELTA_P = 6.53536e-11
	PARENT = 3 -- LEFT = 30 -- RIGHT = 2
Segment 30 (30,31) -- Source(-0.0113488,-0.0134456,-5.142e-05) - Destination(-0.0190039,-0.0101069,-0.00910764) -- NDIST = 1
	BETA = 0.803743
	RESISTANCE = 0.000112934 -- RADIUS = 0.000328125 -- DELTA_P = 1.31704e-11
	PARENT = 29 -- LEFT = NIL -- RIGHT = NIL
Segment 31 (54,32) -- Source(0.0119038,-0.00669451,0.0102631) - Destination(0.0136411,-0.00972064,0.0067128) -- NDIST = 3
	BETA = 0.920025
	RESISTANCE = 0.000212102 -- RADIUS = 0.00046795 -- DELTA_P = 1.08172e-10
	PARENT = 53 -- LEFT = 93 -- RIGHT = 10
Segment 32 (94,33) -- Source(0.0156216,-0.00861853,0.000825286) - Destination(0.0127691,-0.00798655,-0.00698434) -- NDIST = 1
	BETA = 0.81216
	RESISTANCE = 7.64395e-05 -- RADIUS = 0.000332152 -- DELTA_P = 8.91437e-12
	PARENT = 93 -- LEFT = NIL -- RIGHT = NIL
Segment 33 (38,34) -- Source(-0.00958189,-0.00216136,0.00764258) - Destination(-0.0151758,0.00199414,-0.000657905) -- NDIST = 3
	BETA = 0.926694
	RESISTANCE = 0.000264663 -- RADIUS = 0.000482389 -- DELTA_P = 1.32279e-10
	PARENT = 37 -- LEFT = 34 -- RIGHT = 97
Segment 34 (34,35) -- Source(-0.0151758,0.00199414,-0.000657905) - Destination(-0.0156536,0.00694006,-0.0142984) -- NDIST = 1
	BETA = 0.719743
	RESISTANCE = 0.000133085 -- RADIUS = 0.000347196 -- DELTA_P = 1.55204e-11
	PARENT = 33 -- LEFT = NIL -- RIGHT = NIL
Segment 35 (8,36) -- Source(-0.00263239,-0.00117998,0.0184463) - Destination(-0.00316351,-0.00141806,0.0163585) -- NDIST = 26
	BETA = 0.944662
	RESISTANCE = 0.000700723 -- RADIUS = 0.000980218 -- DELTA_P = 3.03525e-09
	PARENT = 7 -- LEFT = 71 -- RIGHT = 89
Segment 36 (66,37) -- Source(-0.000278573,-0.0195623,0.0123528) - Destination(-0.000280186,-0.0214673,0.012576) -- NDIST = 1
	BETA = 0.604056
	RESISTANCE = 1.75835e-05 -- RADIUS = 0.000241855 -- DELTA_P = 2.05058e-12
	PARENT = 65 -- LEFT = NIL -- RIGHT = NIL
Segment 37 (12,38) -- Source(-0.00440279,-0.00197357,0.0114869) - Destination(-0.00958189,-0.00216136,0.00764258) -- NDIST = 4
	BETA = 0.557554
	RESISTANCE = 0.000328313 -- RADIUS = 0.000520548 -- DELTA_P = 2.18788e-10
	PARENT = 11 -- LEFT = 38 -- RIGHT = 33
Segment 38 (38,39) -- Source(-0.00958189,-0.00216136,0.00764258) - Destination(-0.0206198,-0.0109669,0.00744953) -- NDIST = 1
	BETA = 0.58886
	RESISTANCE = 0.000129454 -- RADIUS = 0.00030653 -- DELTA_P = 1.5097e-11
	PARENT = 37 -- LEFT = NIL -- RIGHT = NIL
Segment 39 (10,40) -- Source(0.0111593,-0.0053976,0.0117847) - Destination(0.015135,-0.00297751,0.00957274) -- NDIST = 6
	BETA = 0.855476
	RESISTANCE = 0.000320205 -- RADIUS = 0.000603965 -- DELTA_P = 3.26609e-10
	PARENT = 9 -- LEFT = 91 -- RIGHT = 17
Segment 40 (92,41) -- Source(0.0201279,-0.0051269,0.00855476) - Destination(0.0249412,-0.00501255,0.0113253) -- NDIST = 1
	BETA = 0.768089
	RESISTANCE = 5.09233e-05 -- RADIUS = 0.000289297 -- DELTA_P = 5.93868e-12
	PARENT = 91 -- LEFT = NIL -- RIGHT = NIL
Segment 41 (26,42) -- Source(-0.00394206,-0.0124668,-0.00183233) - Destination(-0.00382273,-0.0120472,-0.00428752) -- NDIST = 7
	BETA = 0.958379
	RESISTANCE = 0.000319998 -- RADIUS = 0.000657115 -- DELTA_P = 3.80797e-10
	PARENT = 25 -- LEFT = 79 -- RIGHT = 57
Segment 42 (80,43) -- Source(-0.00809496,-0.0162331,-0.0102542) - Destination(-0.0103701,-0.0224925,-0.0120978) -- NDIST = 1
	BETA = 0.786794
	RESISTANCE = 6.33511e-05 -- RADIUS = 0.000323853 -- DELTA_P = 7.38801e-12
	PARENT = 79 -- LEFT = NIL -- RIGHT = NIL
Segment 43 (16,44) -- Source(-0.0035443,-0.0110683,-0.0100163) - Destination(-0.002297,-0.0084722,-0.0163346) -- NDIST = 2
	BETA = 0.779769
	RESISTANCE = 0.000165852 -- RADIUS = 0.000437531 -- DELTA_P = 5.63898e-11
	PARENT = 15 -- LEFT = 44 -- RIGHT = 16
Segment 44 (44,45) -- Source(-0.002297,-0.0084722,-0.0163346) - Destination(0.00439595,-0.00526458,-0.0213522) -- NDIST = 1
	BETA = 0.796173
	RESISTANCE = 8.21284e-05 -- RADIUS = 0.000348351 -- DELTA_P = 9.57782e-12
	PARENT = 43 -- LEFT = NIL -- RIGHT = NIL
Segment 45 (70,46) -- Source(-0.00214344,0.0126437,-0.00549509) - Destination(-0.00476607,0.0153984,-0.00642765) -- NDIST = 2
	BETA = 0.870558
	RESISTANCE = 0.000158491 -- RADIUS = 0.000435594 -- DELTA_P = 5.38871e-11
	PARENT = 69 -- LEFT = 46 -- RIGHT = 22
Segment 46 (46,47) -- Source(-0.00476607,0.0153984,-0.00642765) - Destination(-0.0122111,0.0210063,-0.0151117) -- NDIST = 1
	BETA = 0.830759
	RESISTANCE = 0.000116786 -- RADIUS = 0.000361873 -- DELTA_P = 1.36195e-11
	PARENT = 45 -- LEFT = NIL -- RIGHT = NIL
Segment 47 (20,48) -- Source(-0.000464539,-0.000208231,0.026968) - Destination(0.00526057,0.0051981,0.0219779) -- NDIST = 4
	BETA = 0.409033
	RESISTANCE = 0.000303024 -- RADIUS = 0.000485092 -- DELTA_P = 2.06056e-10
	PARENT = 19 -- LEFT = 48 -- RIGHT = 27
Segment 48 (48,49) -- Source(0.00526057,0.0051981,0.0219779) - Destination(0.0153712,0.00433539,0.0216217) -- NDIST = 1
	BETA = 0.571879
	RESISTANCE = 9.30812e-05 -- RADIUS = 0.000277414 -- DELTA_P = 1.08551e-11
	PARENT = 47 -- LEFT = NIL -- RIGHT = NIL
Segment 49 (60,50) -- Source(-0.000588106,-0.000263621,0.0264823) - Destination(-0.000789716,-0.000353993,0.0256898) -- NDIST = 44
	BETA = 0.990238
	RESISTANCE = 0.000856269 -- RADIUS = 0.00114695 -- DELTA_P = 6.2768e-09
	PARENT = 59 -- LEFT = 50 -- RIGHT = 5
Segment 50 (50,51) -- Source(-0.000789716,-0.000353993,0.0256898) - Destination(-0.00511565,0.0123676,0.0223506) -- NDIST = 1
	BETA = 0.241454
	RESISTANCE = 0.000126927 -- RADIUS = 0.000276935 -- DELTA_P = 1.48023e-11
	PARENT = 49 -- LEFT = NIL -- RIGHT = NIL
Segment 51 (28,52) -- Source(0.00769385,0.0108853,0.0171038) - Destination(0.00711626,0.0161243,0.0133968) -- NDIST = 2
	BETA = 0.919534
	RESISTANCE = 0.000158615 -- RADIUS = 0.00041631 -- DELTA_P = 5.39292e-11
	PARENT = 27 -- LEFT = 52 -- RIGHT = 28
Segment 52 (52,53) -- Source(0.00711626,0.0161243,0.0133968) - Destination(0.00427247,0.0229774,0.0148678) -- NDIST = 1
	BETA = 0.76823
	RESISTANCE = 6.93435e-05 -- RADIUS = 0.000319822 -- DELTA_P = 8.08683e-12
	PARENT = 51 -- LEFT = NIL -- RIGHT = NIL
Segment 53 (10,54) -- Source(0.0111593,-0.0053976,0.0117847) - Destination(0.0119038,-0.00669451,0.0102631) -- NDIST = 4
	BETA = 0.720437
	RESISTANCE = 0.000241586 -- RADIUS = 0.000508628 -- DELTA_P = 1.64279e-10
	PARENT = 9 -- LEFT = 54 -- RIGHT = 31
Segment 54 (54,55) -- Source(0.0119038,-0.00669451,0.0102631) - Destination(0.0139239,-0.019059,0.0135949) -- NDIST = 1
	BETA = 0.604822
	RESISTANCE = 0.000118844 -- RADIUS = 0.000307629 -- DELTA_P = 1.38596e-11
	PARENT = 53 -- LEFT = NIL -- RIGHT = NIL
Segment 55 (86,56) -- Source(-0.0142285,0.0132711,0.0103225) - Destination(-0.0139368,0.0162692,0.00825103) -- NDIST = 2
	BETA = 0.883798
	RESISTANCE = 0.000124007 -- RADIUS = 0.000419379 -- DELTA_P = 4.21625e-11
	PARENT = 85 -- LEFT = 56 -- RIGHT = 8
Segment 56 (56,57) -- Source(-0.0139368,0.0162692,0.00825103) - Destination(-0.0183189,0.0217823,-0.00111969) -- NDIST = 1
	BETA = 0.877809
	RESISTANCE = 0.00010746 -- RADIUS = 0.000368135 -- DELTA_P = 1.2532e-11
	PARENT = 55 -- LEFT = NIL -- RIGHT = NIL
Segment 57 (42,58) -- Source(-0.00382273,-0.0120472,-0.00428752) - Destination(-0.00362783,-0.011362,-0.00829765) -- NDIST = 5
	BETA = 0.910264
	RESISTANCE = 0.000285598 -- RADIUS = 0.000598148 -- DELTA_P = 2.42758e-10
	PARENT = 41 -- LEFT = 58 -- RIGHT = 15
Segment 58 (58,59) -- Source(-0.00362783,-0.011362,-0.00829765) - Destination(-0.0123887,-0.00386227,-0.014732) -- NDIST = 1
	BETA = 0.558836
	RESISTANCE = 0.000121064 -- RADIUS = 0.000334267 -- DELTA_P = 1.41185e-11
	PARENT = 57 -- LEFT = NIL -- RIGHT = NIL
Segment 59 (20,60) -- Source(-0.000464539,-0.000208231,0.026968) - Destination(-0.000588106,-0.000263621,0.0264823) -- NDIST = 46
	BETA = 0.976647
	RESISTANCE = 0.000856439 -- RADIUS = 0.00115825 -- DELTA_P = 6.56341e-09
	PARENT = 19 -- LEFT = 73 -- RIGHT = 49
Segment 60 (74,61) -- Source(0.000980842,-0.0106329,0.0245069) - Destination(-0.00142702,-0.0138052,0.0251504) -- NDIST = 1
	BETA = 0.700668
	RESISTANCE = 3.69841e-05 -- RADIUS = 0.000249334 -- DELTA_P = 4.31308e-12
	PARENT = 73 -- LEFT = NIL -- RIGHT = NIL
Segment 61 (72,62) -- Source(-0.00317619,-0.00674687,0.0146729) - Destination(-0.00496224,-0.0131544,0.014734) -- NDIST = 3
	BETA = 0.940504
	RESISTANCE = 0.000216646 -- RADIUS = 0.000453395 -- DELTA_P = 1.1049e-10
	PARENT = 71 -- LEFT = 62 -- RIGHT = 65
Segment 62 (62,63) -- Source(-0.00496224,-0.0131544,0.014734) - Destination(-0.0128828,-0.0204203,0.0148795) -- NDIST = 1
	BETA = 0.677764
	RESISTANCE = 9.85426e-05 -- RADIUS = 0.000307295 -- DELTA_P = 1.1492e-11
	PARENT = 61 -- LEFT = NIL -- RIGHT = NIL
Segment 63 (18,64) -- Source(0.0187379,0.00336605,0.00383052) - Destination(0.0218174,0.00337841,0.000728439) -- NDIST = 3
	BETA = 0.896521
	RESISTANCE = 0.000170208 -- RADIUS = 0.000493584 -- DELTA_P = 8.68062e-11
	PARENT = 17 -- LEFT = 95 -- RIGHT = 6
Segment 64 (96,65) -- Source(0.021649,0.00276863,-0.00557242) - Destination(0.0251391,0.00549285,-0.0119062) -- NDIST = 1
	BETA = 0.801403
	RESISTANCE = 7.08432e-05 -- RADIUS = 0.000366543 -- DELTA_P = 8.26174e-12
	PARENT = 95 -- LEFT = NIL -- RIGHT = NIL
Segment 65 (62,66) -- Source(-0.00496224,-0.0131544,0.014734) - Destination(-0.000278573,-0.0195623,0.0123528) -- NDIST = 2
	BETA = 0.883083
	RESISTANCE = 0.000141999 -- RADIUS = 0.000400385 -- DELTA_P = 4.82797e-11
	PARENT = 61 -- LEFT = 66 -- RIGHT = 36
Segment 66 (66,67) -- Source(-0.000278573,-0.0195623,0.0123528) - Destination(0.00641422,-0.0265392,0.00869595) -- NDIST = 1
	BETA = 0.920355
	RESISTANCE = 9.47579e-05 -- RADIUS = 0.000368497 -- DELTA_P = 1.10507e-11
	PARENT = 65 -- LEFT = NIL -- RIGHT = NIL
Segment 67 (16,68) -- Source(-0.0035443,-0.0110683,-0.0100163) - Destination(0.00586871,-0.0139458,-0.0164462) -- NDIST = 2
	BETA = 0.80716
	RESISTANCE = 0.000190413 -- RADIUS = 0.000452901 -- DELTA_P = 6.47403e-11
	PARENT = 15 -- LEFT = 68 -- RIGHT = 4
Segment 68 (68,69) -- Source(0.00586871,-0.0139458,-0.0164462) - Destination(0.0142354,-0.0115575,-0.0198201) -- NDIST = 1
	BETA = 0.848226
	RESISTANCE = 8.55506e-05 -- RADIUS = 0.000384162 -- DELTA_P = 9.97691e-12
	PARENT = 67 -- LEFT = NIL -- RIGHT = NIL
Segment 69 (22,70) -- Source(-0.00125839,0.00484795,-0.00100788) - Destination(-0.00214344,0.0126437,-0.00549509) -- NDIST = 3
	BETA = 0.78592
	RESISTANCE = 0.000266818 -- RADIUS = 0.000500361 -- DELTA_P = 1.36077e-10
	PARENT = 21 -- LEFT = 70 -- RIGHT = 45
Segment 70 (70,71) -- Source(-0.00214344,0.0126437,-0.00549509) - Destination(0.00519782,0.0220985,-0.0133159) -- NDIST = 1
	BETA = 0.698109
	RESISTANCE = 0.000131081 -- RADIUS = 0.000349307 -- DELTA_P = 1.52866e-11
	PARENT = 69 -- LEFT = NIL -- RIGHT = NIL
Segment 71 (36,72) -- Source(-0.00316351,-0.00141806,0.0163585) - Destination(-0.00317619,-0.00674687,0.0146729) -- NDIST = 4
	BETA = 0.491805
	RESISTANCE = 0.000258905 -- RADIUS = 0.000482077 -- DELTA_P = 1.76055e-10
	PARENT = 35 -- LEFT = 72 -- RIGHT = 61
Segment 72 (72,73) -- Source(-0.00317619,-0.00674687,0.0146729) - Destination(0.00124271,-0.0101401,0.00837982) -- NDIST = 1
	BETA = 0.551871
	RESISTANCE = 7.7051e-05 -- RADIUS = 0.000266044 -- DELTA_P = 8.98569e-12
	PARENT = 71 -- LEFT = NIL -- RIGHT = NIL
Segment 73 (60,74) -- Source(-0.000588106,-0.000263621,0.0264823) - Destination(0.000980842,-0.0106329,0.0245069) -- NDIST = 2
	BETA = 0.307231
	RESISTANCE = 0.000174556 -- RADIUS = 0.000355852 -- DELTA_P = 5.9349e-11
	PARENT = 59 -- LEFT = 74 -- RIGHT = 60
Segment 74 (74,75) -- Source(0.000980842,-0.0106329,0.0245069) - Destination(0.00621373,-0.0179515,0.0213299) -- NDIST = 1
	BETA = 0.868904
	RESISTANCE = 8.74689e-05 -- RADIUS = 0.000309201 -- DELTA_P = 1.02006e-11
	PARENT = 73 -- LEFT = NIL -- RIGHT = NIL
Segment 75 (22,76) -- Source(-0.00125839,0.00484795,-0.00100788) - Destination(-0.000499372,0.00521117,-0.00579871) -- NDIST = 3
	BETA = 0.801332
	RESISTANCE = 0.000288371 -- RADIUS = 0.000510174 -- DELTA_P = 1.47069e-10
	PARENT = 21 -- LEFT = 76 -- RIGHT = 13
Segment 76 (76,77) -- Source(-0.000499372,0.00521117,-0.00579871) - Destination(-0.00671622,0.00486626,-0.0151885) -- NDIST = 1
	BETA = 0.613027
	RESISTANCE = 0.000103285 -- RADIUS = 0.00031275 -- DELTA_P = 1.20451e-11
	PARENT = 75 -- LEFT = NIL -- RIGHT = NIL
Segment 77 (2,78) -- Source(-0.00516154,-0.00231368,0.00850432) - Destination(-0.00242934,0.00269946,0.00184578) -- NDIST = 7
	BETA = 0.748728
	RESISTANCE = 0.000451681 -- RADIUS = 0.000656059 -- DELTA_P = 5.37501e-10
	PARENT = 1 -- LEFT = 78 -- RIGHT = 21
Segment 78 (78,79) -- Source(-0.00242934,0.00269946,0.00184578) - Destination(0.00658823,0.00849082,0.0030291) -- NDIST = 1
	BETA = 0.441611
	RESISTANCE = 9.88443e-05 -- RADIUS = 0.000289723 -- DELTA_P = 1.15272e-11
	PARENT = 77 -- LEFT = NIL -- RIGHT = NIL
Segment 79 (42,80) -- Source(-0.00382273,-0.0120472,-0.00428752) - Destination(-0.00809496,-0.0162331,-0.0102542) -- NDIST = 2
	BETA = 0.626391
	RESISTANCE = 0.000160106 -- RADIUS = 0.000411611 -- DELTA_P = 5.4436e-11
	PARENT = 41 -- LEFT = 80 -- RIGHT = 42
Segment 80 (80,81) -- Source(-0.00809496,-0.0162331,-0.0102542) - Destination(-0.011598,-0.0150592,-0.016671) -- NDIST = 1
	BETA = 0.800489
	RESISTANCE = 6.78786e-05 -- RADIUS = 0.00032949 -- DELTA_P = 7.916e-12
	PARENT = 79 -- LEFT = NIL -- RIGHT = NIL
Segment 81 (24,82) -- Source(-0.0104462,0.00614691,0.0150828) - Destination(-0.0118241,0.0103152,0.0137643) -- NDIST = 4
	BETA = 0.943196
	RESISTANCE = 0.000221233 -- RADIUS = 0.000507541 -- DELTA_P = 1.50438e-10
	PARENT = 23 -- LEFT = 82 -- RIGHT = 85
Segment 82 (82,83) -- Source(-0.0118241,0.0103152,0.0137643) - Destination(-0.0135562,0.016399,0.01884) -- NDIST = 1
	BETA = 0.567495
	RESISTANCE = 7.43487e-05 -- RADIUS = 0.000288027 -- DELTA_P = 8.67054e-12
	PARENT = 81 -- LEFT = NIL -- RIGHT = NIL
Segment 83 (8,84) -- Source(-0.00263239,-0.00117998,0.0184463) - Destination(-0.00789433,0.00243123,0.0174301) -- NDIST = 6
	BETA = 0.539464
	RESISTANCE = 0.000322932 -- RADIUS = 0.000559769 -- DELTA_P = 3.29391e-10
	PARENT = 7 -- LEFT = 84 -- RIGHT = 23
Segment 84 (84,85) -- Source(-0.00789433,0.00243123,0.0174301) - Destination(-0.0162181,0.00211031,0.021518) -- NDIST = 1
	BETA = 0.481531
	RESISTANCE = 8.50633e-05 -- RADIUS = 0.000269546 -- DELTA_P = 9.92008e-12
	PARENT = 83 -- LEFT = NIL -- RIGHT = NIL
Segment 85 (82,86) -- Source(-0.0118241,0.0103152,0.0137643) - Destination(-0.0142285,0.0132711,0.0103225) -- NDIST = 3
	BETA = 0.934938
	RESISTANCE = 0.000182572 -- RADIUS = 0.000474519 -- DELTA_P = 9.31118e-11
	PARENT = 81 -- LEFT = 86 -- RIGHT = 55
Segment 86 (86,87) -- Source(-0.0142285,0.0132711,0.0103225) - Destination(-0.0225093,0.0131413,0.00611353) -- NDIST = 1
	BETA = 0.676547
	RESISTANCE = 8.51642e-05 -- RADIUS = 0.000321035 -- DELTA_P = 9.93185e-12
	PARENT = 85 -- LEFT = NIL -- RIGHT = NIL
Segment 87 (6,88) -- Source(-0.00154846,-0.000694104,0.0227072) - Destination(-0.00230721,-0.00103422,0.0197246) -- NDIST = 33
	BETA = 0.913956
	RESISTANCE = 0.000749009 -- RADIUS = 0.00104332 -- DELTA_P = 4.1179e-09
	PARENT = 5 -- LEFT = 88 -- RIGHT = 7
Segment 88 (88,89) -- Source(-0.00230721,-0.00103422,0.0197246) - Destination(-0.011577,-0.00631299,0.0195374) -- NDIST = 1
	BETA = 0.253243
	RESISTANCE = 9.7807e-05 -- RADIUS = 0.000264213 -- DELTA_P = 1.14062e-11
	PARENT = 87 -- LEFT = NIL -- RIGHT = NIL
Segment 89 (36,90) -- Source(-0.00316351,-0.00141806,0.0163585) - Destination(-0.00353529,-0.00158471,0.014897) -- NDIST = 22
	BETA = 0.958663
	RESISTANCE = 0.000679624 -- RADIUS = 0.000939699 -- DELTA_P = 2.49096e-09
	PARENT = 35 -- LEFT = 90 -- RIGHT = 11
Segment 90 (90,91) -- Source(-0.00353529,-0.00158471,0.014897) - Destination(-0.00318279,0.00600651,0.0116985) -- NDIST = 1
	BETA = 0.268029
	RESISTANCE = 7.55855e-05 -- RADIUS = 0.000251867 -- DELTA_P = 8.81479e-12
	PARENT = 89 -- LEFT = NIL -- RIGHT = NIL
Segment 91 (40,92) -- Source(0.015135,-0.00297751,0.00957274) - Destination(0.0201279,-0.0051269,0.00855476) -- NDIST = 2
	BETA = 0.623622
	RESISTANCE = 0.000123854 -- RADIUS = 0.000376646 -- DELTA_P = 4.21104e-11
	PARENT = 39 -- LEFT = 92 -- RIGHT = 40
Segment 92 (92,93) -- Source(0.0201279,-0.0051269,0.00855476) - Destination(0.0245617,-0.00890959,0.00443493) -- NDIST = 1
	BETA = 0.817758
	RESISTANCE = 6.5429e-05 -- RADIUS = 0.000308005 -- DELTA_P = 7.63033e-12
	PARENT = 91 -- LEFT = NIL -- RIGHT = NIL
Segment 93 (32,94) -- Source(0.0136411,-0.00972064,0.0067128) - Destination(0.0156216,-0.00861853,0.000825286) -- NDIST = 2
	BETA = 0.873967
	RESISTANCE = 0.00014568 -- RADIUS = 0.000408973 -- DELTA_P = 4.95311e-11
	PARENT = 31 -- LEFT = 94 -- RIGHT = 32
Segment 94 (94,95) -- Source(0.0156216,-0.00861853,0.000825286) - Destination(0.0214617,-0.00727089,-0.00257364) -- NDIST = 1
	BETA = 0.77434
	RESISTANCE = 6.31651e-05 -- RADIUS = 0.000316684 -- DELTA_P = 7.36631e-12
	PARENT = 93 -- LEFT = NIL -- RIGHT = NIL
Segment 95 (64,96) -- Source(0.0218174,0.00337841,0.000728439) - Destination(0.021649,0.00276863,-0.00557242) -- NDIST = 2
	BETA = 0.926644
	RESISTANCE = 0.000143927 -- RADIUS = 0.000457377 -- DELTA_P = 4.89351e-11
	PARENT = 63 -- LEFT = 96 -- RIGHT = 64
Segment 96 (96,97) -- Source(0.021649,0.00276863,-0.00557242) - Destination(0.0183689,-0.000611742,-0.0109449) -- NDIST = 1
	BETA = 0.785845
	RESISTANCE = 6.55002e-05 -- RADIUS = 0.000359427 -- DELTA_P = 7.63863e-12
	PARENT = 95 -- LEFT = NIL -- RIGHT = NIL
Segment 97 (34,98) -- Source(-0.0151758,0.00199414,-0.000657905) - Destination(-0.0201083,0.000155204,-0.0023715) -- NDIST = 2
	BETA = 0.855968
	RESISTANCE = 0.000133113 -- RADIUS = 0.00041291 -- DELTA_P = 4.43531e-11
	PARENT = 33 -- LEFT = 98 -- RIGHT = 12
Segment 98 (98,99) -- Source(-0.0201083,0.000155204,-0.0023715) - Destination(-0.0216078,-0.00511518,-0.00399596) -- NDIST = 1
	BETA = 0.750984
	RESISTANCE = 5.23937e-05 -- RADIUS = 0.000310088 -- DELTA_P = 8.72878e-12
	PARENT = 97 -- LEFT = NIL -- RIGHT = NIL
========================================================================================================
[!] Checking bifurcation rule!
6.72756e-10 = 3.90379e-10 + 2.82377e-10 --> 6.72756e-10 = 6.72756e-10
3.90379e-10 = 3.22339e-10 + 6.80404e-11 --> 3.90379e-10 = 3.90379e-10
1.48756e-09 = 3.51894e-10 + 1.13566e-09 --> 1.48756e-09 = 1.48756e-09
1.11722e-09 = 1.75398e-10 + 9.41821e-10 --> 1.11722e-09 = 1.11722e-09
3.51894e-10 = 1.31583e-10 + 2.20311e-10 --> 3.51894e-10 = 3.51894e-10
8.1381e-10 = 1.41053e-10 + 6.72756e-10 --> 8.1381e-10 = 8.1381e-10
1.02196e-10 = 5.35059e-11 + 4.86897e-11 --> 1.02196e-10 = 1.02196e-10
1.76657e-10 = 8.37583e-11 + 9.28985e-11 --> 1.76657e-10 = 1.76657e-10
1.66879e-10 = 4.66295e-11 + 1.2025e-10 --> 1.66879e-10 = 1.66879e-10
1.66801e-09 = 1.14149e-10 + 1.55386e-09 --> 1.66801e-09 = 1.66801e-09
2.58058e-10 = 1.25271e-10 + 1.32786e-10 --> 2.58058e-10 = 2.58058e-10
1.55815e-10 = 2.5073e-11 + 1.30742e-10 --> 1.55815e-10 = 1.55815e-10
3.22339e-10 = 3.85965e-11 + 2.83742e-10 --> 3.22339e-10 = 3.22339e-10
9.28e-11 = 7.21524e-11 + 2.06476e-11 --> 9.28e-11 = 9.28e-11
6.80404e-11 = 3.5328e-11 + 3.27124e-11 --> 6.80404e-11 = 6.80404e-11
1.02471e-10 = 6.84043e-11 + 3.40663e-11 --> 1.02471e-10 = 1.02471e-10
1.12252e-10 = 4.18529e-11 + 7.03987e-11 --> 1.12252e-10 = 1.12252e-10
9.41821e-10 = 1.12034e-10 + 8.29787e-10 --> 9.41821e-10 = 9.41821e-10
1.41053e-10 = 2.88017e-11 + 1.12252e-10 --> 1.41053e-10 = 1.41053e-10
2.20311e-10 = 5.34318e-11 + 1.66879e-10 --> 2.20311e-10 = 2.20311e-10
2.83742e-10 = 6.97364e-11 + 2.14006e-10 --> 2.83742e-10 = 2.83742e-10
8.37583e-11 = 4.22718e-11 + 4.14865e-11 --> 8.37583e-11 = 8.37583e-11
8.26504e-11 = 4.73882e-11 + 3.52623e-11 --> 8.26504e-11 = 8.26504e-11
1.14149e-10 = 2.13494e-11 + 9.28e-11 --> 1.14149e-10 = 1.14149e-10
1.5088e-09 = 2.12389e-11 + 1.48756e-09 --> 1.5088e-09 = 1.5088e-09
7.21524e-11 = 3.27133e-11 + 3.9439e-11 --> 7.21524e-11 = 7.21524e-11
1.31583e-10 = 2.91128e-11 + 1.02471e-10 --> 1.31583e-10 = 1.31583e-10
7.376e-11 = 4.98909e-11 + 2.38692e-11 --> 7.376e-11 = 7.376e-11
2.14006e-10 = 3.7349e-11 + 1.76657e-10 --> 2.14006e-10 = 2.14006e-10
1.55386e-09 = 4.50616e-11 + 1.5088e-09 --> 1.55386e-09 = 1.55386e-09
9.32031e-11 = 2.90179e-11 + 6.41852e-11 --> 9.32031e-11 = 9.32031e-11
1.2025e-10 = 9.56802e-11 + 2.45695e-11 --> 1.2025e-10 = 1.2025e-10
6.41852e-11 = 5.00381e-11 + 1.41471e-11 --> 6.41852e-11 = 6.41852e-11
9.28985e-11 = 5.66949e-11 + 3.62036e-11 --> 9.28985e-11 = 9.28985e-11
1.25271e-10 = 4.26209e-11 + 8.26504e-11 --> 1.25271e-10 = 1.25271e-10
1.12034e-10 = 1.88304e-11 + 9.32031e-11 --> 1.12034e-10 = 1.12034e-10
4.50616e-11 = 2.95612e-11 + 1.55004e-11 --> 4.50616e-11 = 4.50616e-11
1.32786e-10 = 3.05909e-11 + 1.02196e-10 --> 1.32786e-10 = 1.32786e-10
2.82377e-10 = 2.43192e-11 + 2.58058e-10 --> 2.82377e-10 = 2.82377e-10
6.97364e-11 = 3.57706e-11 + 3.39658e-11 --> 6.97364e-11 = 6.97364e-11
1.30742e-10 = 2.38946e-11 + 1.06847e-10 --> 1.30742e-10 = 1.30742e-10
1.75398e-10 = 1.95839e-11 + 1.55815e-10 --> 1.75398e-10 = 1.75398e-10
1.06847e-10 = 3.30869e-11 + 7.376e-11 --> 1.06847e-10 = 1.06847e-10
1.13566e-09 = 1.84442e-11 + 1.11722e-09 --> 1.13566e-09 = 1.13566e-09
8.29787e-10 = 1.59776e-11 + 8.1381e-10 --> 8.29787e-10 = 8.29787e-10
5.34318e-11 = 2.92196e-11 + 2.42122e-11 --> 5.34318e-11 = 5.34318e-11
6.84043e-11 = 3.17598e-11 + 3.66445e-11 --> 6.84043e-11 = 6.84043e-11
9.56802e-11 = 4.64337e-11 + 4.92465e-11 --> 9.56802e-11 = 9.56802e-11
7.03987e-11 = 2.98165e-11 + 4.05822e-11 --> 7.03987e-11 = 7.03987e-11
