========================================================================================================
[cco] Working on terminal number 1
[!] Support domain radius = 0.141421
[!] Checking collisions!
Feasible segments: 0 
========================================================================================================
========================================================================================================
[cco] Working on terminal number 2
[!] Support domain radius = 0.173205
[!] Checking collisions!
Feasible segments: 1 2 
========================================================================================================
========================================================================================================
[cco] Working on terminal number 3
[!] Support domain radius = 0.2
[!] Checking collisions!
Feasible segments: 1 3 4 
========================================================================================================
========================================================================================================
[cco] Working on terminal number 4
[!] Support domain radius = 0.223607
[!] Checking collisions!
Feasible segments: 1 3 4 6 
========================================================================================================
========================================================================================================
[cco] Working on terminal number 5
[!] Support domain radius = 0.244949
[!] Checking collisions!
Feasible segments: 2 4 7 
========================================================================================================
========================================================================================================
[cco] Working on terminal number 6
[!] Support domain radius = 0.264575
[!] Checking collisions!
Feasible segments: 0 2 3 
========================================================================================================
========================================================================================================
[cco] Working on terminal number 7
[!] Support domain radius = 0.282843
[!] Checking collisions!
Feasible segments: 2 3 12 
========================================================================================================
========================================================================================================
[cco] Working on terminal number 8
[!] Support domain radius = 0.3
[!] Checking collisions!
Feasible segments: 0 1 5 11 12 13 
========================================================================================================
========================================================================================================
[cco] Working on terminal number 9
[!] Support domain radius = 0.316228
[!] Checking collisions!
Feasible segments: 0 1 5 11 12 16 
========================================================================================================
========================================================================================================
[cco] Working on terminal number 10
[!] Support domain radius = 0.331662
[!] Checking collisions!
Feasible segments: 1 3 6 7 8 9 11 
========================================================================================================
========================================================================================================
[cco] Working on terminal number 11
[!] Support domain radius = 0.34641
[!] Checking collisions!
Feasible segments: 2 12 17 18 
========================================================================================================
========================================================================================================
[cco] Working on terminal number 12
[!] Support domain radius = 0.360555
[!] Checking collisions!
Feasible segments: 2 3 12 13 14 15 22 
========================================================================================================
========================================================================================================
[cco] Working on terminal number 13
[!] Support domain radius = 0.374166
[!] Checking collisions!
Feasible segments: 2 4 7 9 10 23 
========================================================================================================
========================================================================================================
[cco] Working on terminal number 14
[!] Support domain radius = 0.387298
[!] Checking collisions!
Feasible segments: 2 24 25 26 
========================================================================================================
========================================================================================================
[cco] Working on terminal number 15
[!] Support domain radius = 0.4
[!] Checking collisions!
Feasible segments: 1 3 6 7 8 9 11 19 20 
========================================================================================================
========================================================================================================
[cco] Working on terminal number 16
[!] Support domain radius = 0.412311
[!] Checking collisions!
Feasible segments: 4 7 10 23 25 26 
========================================================================================================
========================================================================================================
[cco] Working on terminal number 17
[!] Support domain radius = 0.424264
[!] Checking collisions!
Feasible segments: 2 12 22 24 25 26 27 28 
========================================================================================================
========================================================================================================
[cco] Working on terminal number 18
[!] Support domain radius = 0.43589
[!] Checking collisions!
Feasible segments: 3 12 14 15 21 22 23 24 27 28 33 34 
========================================================================================================
========================================================================================================
[cco] Working on terminal number 19
[!] Support domain radius = 0.447214
[!] Checking collisions!
Feasible segments: 2 25 26 27 33 34 
========================================================================================================
========================================================================================================
[cco] Working on terminal number 20
[!] Support domain radius = 0.458258
[!] Checking collisions!
Feasible segments: 24 28 33 34 35 36 37 
========================================================================================================
========================================================================================================
[cco] Working on terminal number 21
[!] Support domain radius = 0.469042
[!] Checking collisions!
Feasible segments: 18 22 36 
========================================================================================================
========================================================================================================
[cco] Working on terminal number 22
[!] Support domain radius = 0.479583
[!] Checking collisions!
Feasible segments: 3 12 14 15 22 23 27 35 36 
========================================================================================================
========================================================================================================
[cco] Working on terminal number 23
[!] Support domain radius = 0.489898
[!] Checking collisions!
Feasible segments: 1 3 7 9 11 19 20 29 30 
========================================================================================================
========================================================================================================
[cco] Working on terminal number 24
[!] Support domain radius = 0.5
[!] Checking collisions!
Feasible segments: 24 28 33 35 36 37 39 40 
========================================================================================================
========================================================================================================
[cco] Working on terminal number 25
[!] Support domain radius = 0.509902
[!] Checking collisions!
Feasible segments: 3 4 6 7 9 20 29 30 45 
========================================================================================================
========================================================================================================
[cco] Working on terminal number 26
[!] Support domain radius = 0.519615
[!] Checking collisions!
Feasible segments: 4 32 
========================================================================================================
========================================================================================================
[cco] Working on terminal number 27
[!] Support domain radius = 0.52915
[!] Checking collisions!
Feasible segments: 7 9 10 23 25 26 31 32 38 51 
========================================================================================================
========================================================================================================
[cco] Working on terminal number 28
[!] Support domain radius = 0.538516
[!] Checking collisions!
Feasible segments: 2 25 26 27 33 37 38 53 54 
========================================================================================================
========================================================================================================
[cco] Working on terminal number 29
[!] Support domain radius = 0.547723
[!] Checking collisions!
Feasible segments: 7 10 23 25 26 31 51 53 54 
========================================================================================================
========================================================================================================
[cco] Working on terminal number 30
[!] Support domain radius = 0.556776
[!] Checking collisions!
Feasible segments: 5 6 19 
========================================================================================================
========================================================================================================
[cco] Working on terminal number 31
[!] Support domain radius = 0.565685
[!] Checking collisions!
Feasible segments: 18 41 42 
========================================================================================================
========================================================================================================
[cco] Working on terminal number 32
[!] Support domain radius = 0.574456
[!] Checking collisions!
Feasible segments: 5 19 59 60 
========================================================================================================
========================================================================================================
[cco] Working on terminal number 33
[!] Support domain radius = 0.583095
[!] Checking collisions!
Feasible segments: 34 38 40 47 48 55 
========================================================================================================
========================================================================================================
[cco] Working on terminal number 34
[!] Support domain radius = 0.591608
[!] Checking collisions!
Feasible segments: 1 3 7 9 11 19 29 30 45 46 
========================================================================================================
========================================================================================================
[cco] Working on terminal number 35
[!] Support domain radius = 0.6
[!] Checking collisions!
Feasible segments: 4 6 50 60 
========================================================================================================
========================================================================================================
[cco] Working on terminal number 36
[!] Support domain radius = 0.608276
[!] Checking collisions!
Feasible segments: 12 15 21 22 23 27 35 36 41 43 44 
========================================================================================================
========================================================================================================
[cco] Working on terminal number 37
[!] Support domain radius = 0.616441
[!] Checking collisions!
Feasible segments: 12 17 21 22 41 71 72 
========================================================================================================
========================================================================================================
[cco] Working on terminal number 38
[!] Support domain radius = 0.6245
[!] Checking collisions!
Feasible segments: 4 8 29 30 31 
========================================================================================================
========================================================================================================
[cco] Working on terminal number 39
[!] Support domain radius = 0.632456
[!] Checking collisions!
Feasible segments: 2 25 26 27 33 37 54 55 56 
========================================================================================================
========================================================================================================
[cco] Working on terminal number 40
[!] Support domain radius = 0.640312
[!] Checking collisions!
Feasible segments: 2 25 27 33 37 55 77 78 
========================================================================================================
========================================================================================================
[cco] Working on terminal number 41
[!] Support domain radius = 0.648074
[!] Checking collisions!
Feasible segments: 3 13 14 23 27 35 36 43 
========================================================================================================
========================================================================================================
[cco] Working on terminal number 42
[!] Support domain radius = 0.655744
[!] Checking collisions!
Feasible segments: 3 7 9 11 20 29 30 46 49 50 68 
========================================================================================================
========================================================================================================
[cco] Working on terminal number 43
[!] Support domain radius = 0.663325
[!] Checking collisions!
Feasible segments: 7 10 23 25 26 31 51 53 57 58 
========================================================================================================
========================================================================================================
[cco] Working on terminal number 44
[!] Support domain radius = 0.67082
[!] Checking collisions!
Feasible segments: 34 39 40 55 65 66 
========================================================================================================
========================================================================================================
[cco] Working on terminal number 45
[!] Support domain radius = 0.678233
[!] Checking collisions!
Feasible segments: 3 15 21 22 23 27 35 36 43 44 71 72 74 82 
========================================================================================================
========================================================================================================
[cco] Working on terminal number 46
[!] Support domain radius = 0.685565
[!] Checking collisions!
Feasible segments: 7 9 10 23 25 26 31 51 54 58 81 85 86 
========================================================================================================
========================================================================================================
[cco] Working on terminal number 47
[!] Support domain radius = 0.69282
[!] Checking collisions!
Feasible segments: 3 6 7 8 9 20 30 45 50 59 63 69 70 75 76 83 84 
========================================================================================================
========================================================================================================
[cco] Working on terminal number 48
[!] Support domain radius = 0.7
[!] Checking collisions!
Feasible segments: 8 29 31 75 76 94 
========================================================================================================
========================================================================================================
[cco] Working on terminal number 49
[!] Support domain radius = 0.707107
[!] Checking collisions!
Feasible segments: 2 25 26 27 33 37 55 77 78 80 91 
========================================================================================================
========================================================================================================
[cco] Working on terminal number 50
[!] Support domain radius = 0.714143
[!] Checking collisions!
Feasible segments: 3 7 9 11 20 29 30 75 76 83 84 93 94 95 96 
========================================================================================================
========================================================================================================
[cco] Working on terminal number 51
[!] Support domain radius = 0.72111
[!] Checking collisions!
Feasible segments: 7 10 26 31 51 53 57 58 85 86 91 92 
========================================================================================================
========================================================================================================
[cco] Working on terminal number 52
[!] Support domain radius = 0.728011
[!] Checking collisions!
Feasible segments: 10 25 26 31 51 53 57 58 86 91 92 101 102 
========================================================================================================
========================================================================================================
[cco] Working on terminal number 53
[!] Support domain radius = 0.734847
[!] Checking collisions!
Feasible segments: 1 3 7 9 11 20 29 30 46 49 68 83 84 93 99 100 101 
========================================================================================================
========================================================================================================
[cco] Working on terminal number 54
[!] Support domain radius = 0.74162
[!] Checking collisions!
Feasible segments: 8 30 75 76 94 95 96 100 
========================================================================================================
========================================================================================================
[cco] Working on terminal number 55
[!] Support domain radius = 0.748331
[!] Checking collisions!
Feasible segments: 2 25 27 33 37 55 77 78 80 91 97 98 
========================================================================================================
========================================================================================================
[cco] Working on terminal number 56
[!] Support domain radius = 0.754983
[!] Checking collisions!
Feasible segments: 1 3 7 9 11 20 29 30 46 49 68 83 84 93 99 100 101 105 106 107 
========================================================================================================
========================================================================================================
[cco] Working on terminal number 57
[!] Support domain radius = 0.761577
[!] Checking collisions!
Feasible segments: 4 51 52 54 75 
========================================================================================================
========================================================================================================
[cco] Working on terminal number 58
[!] Support domain radius = 0.768115
[!] Checking collisions!
Feasible segments: 12 17 21 22 71 72 74 90 
========================================================================================================
========================================================================================================
[cco] Working on terminal number 59
[!] Support domain radius = 0.774597
[!] Checking collisions!
Feasible segments: 9 20 30 75 76 93 94 95 96 99 100 105 106 108 111 112 
========================================================================================================
========================================================================================================
[cco] Working on terminal number 60
[!] Support domain radius = 0.781025
[!] Checking collisions!
Feasible segments: 15 23 27 35 43 44 71 72 82 89 90 
========================================================================================================
========================================================================================================
[cco] Working on terminal number 61
[!] Support domain radius = 0.787401
[!] Checking collisions!
Feasible segments: 3 14 15 23 27 35 43 44 71 82 83 89 90 119 120 
========================================================================================================
========================================================================================================
[cco] Working on terminal number 62
[!] Support domain radius = 0.793725
[!] Checking collisions!
Feasible segments: 3 7 9 11 19 29 46 49 68 83 84 101 105 107 111 112 
========================================================================================================
========================================================================================================
[cco] Working on terminal number 63
[!] Support domain radius = 0.8
[!] Checking collisions!
Feasible segments: 7 9 20 29 30 93 99 100 101 106 107 111 112 117 118 
========================================================================================================
========================================================================================================
[cco] Working on terminal number 64
[!] Support domain radius = 0.806226
[!] Checking collisions!
Feasible segments: 8 29 31 75 76 94 96 99 100 107 108 118 
========================================================================================================
========================================================================================================
[cco] Working on terminal number 65
[!] Support domain radius = 0.812404
[!] Checking collisions!
Feasible segments: 2 25 27 33 37 78 80 97 98 109 110 
========================================================================================================
========================================================================================================
[cco] Working on terminal number 66
[!] Support domain radius = 0.818535
[!] Checking collisions!
Feasible segments: 9 10 23 25 53 54 58 81 86 91 92 104 
========================================================================================================
========================================================================================================
[cco] Working on terminal number 67
[!] Support domain radius = 0.824621
[!] Checking collisions!
Feasible segments: 1 3 9 11 46 49 68 83 84 105 111 123 124 
========================================================================================================
========================================================================================================
[cco] Working on terminal number 68
[!] Support domain radius = 0.830662
[!] Checking collisions!
Feasible segments: 12 17 22 27 42 72 89 90 115 116 119 122 
========================================================================================================
========================================================================================================
[cco] Working on terminal number 69
[!] Support domain radius = 0.83666
[!] Checking collisions!
Feasible segments: 3 13 14 27 35 43 81 82 83 121 122 
========================================================================================================
========================================================================================================
[cco] Working on terminal number 70
[!] Support domain radius = 0.842615
[!] Checking collisions!
Feasible segments: 3 7 9 11 29 30 83 84 100 101 107 112 117 118 124 126 
========================================================================================================
========================================================================================================
[cco] Working on terminal number 71
[!] Support domain radius = 0.848528
[!] Checking collisions!
Feasible segments: 1 19 45 46 67 68 124 139 
========================================================================================================
========================================================================================================
[cco] Working on terminal number 72
[!] Support domain radius = 0.8544
[!] Checking collisions!
Feasible segments: 0 1 5 11 13 16 18 21 61 137 
========================================================================================================
========================================================================================================
[cco] Working on terminal number 73
[!] Support domain radius = 0.860233
[!] Checking collisions!
Feasible segments: 12 17 21 41 71 73 74 115 116 135 136 
========================================================================================================
========================================================================================================
[cco] Working on terminal number 74
[!] Support domain radius = 0.866025
[!] Checking collisions!
Feasible segments: 23 25 26 31 51 53 58 86 91 92 102 104 132 
========================================================================================================
========================================================================================================
[cco] Working on terminal number 75
[!] Support domain radius = 0.87178
[!] Checking collisions!
Feasible segments: 26 37 54 55 56 58 77 78 85 98 110 
========================================================================================================
========================================================================================================
[cco] Working on terminal number 76
[!] Support domain radius = 0.877496
[!] Checking collisions!
Feasible segments: 9 11 45 46 49 68 83 84 105 111 123 124 134 139 140 
========================================================================================================
========================================================================================================
[cco] Working on terminal number 77
[!] Support domain radius = 0.883176
[!] Checking collisions!
Feasible segments: 24 28 33 35 36 37 39 47 48 79 89 
========================================================================================================
========================================================================================================
[cco] Working on terminal number 78
[!] Support domain radius = 0.888819
[!] Checking collisions!
Feasible segments: 6 49 50 69 70 93 94 
========================================================================================================
========================================================================================================
[cco] Working on terminal number 79
[!] Support domain radius = 0.894427
[!] Checking collisions!
Feasible segments: 9 19 45 46 67 68 83 84 142 151 152 
========================================================================================================
========================================================================================================
[cco] Working on terminal number 80
[!] Support domain radius = 0.9
[!] Checking collisions!
Feasible segments: 0 11 13 15 16 17 67 137 144 
========================================================================================================
========================================================================================================
[cco] Working on terminal number 81
[!] Support domain radius = 0.905539
[!] Checking collisions!
Feasible segments: 25 33 37 80 97 98 109 110 129 130 153 
========================================================================================================
========================================================================================================
[cco] Working on terminal number 82
[!] Support domain radius = 0.911043
[!] Checking collisions!
Feasible segments: 0 1 5 11 13 15 16 17 21 137 143 144 160 
========================================================================================================
========================================================================================================
[cco] Working on terminal number 83
[!] Support domain radius = 0.916515
[!] Checking collisions!
Feasible segments: 3 9 19 30 46 49 84 105 107 112 123 124 134 139 140 157 
========================================================================================================
========================================================================================================
[cco] Working on terminal number 84
[!] Support domain radius = 0.921954
[!] Checking collisions!
Feasible segments: 4 51 75 113 114 
========================================================================================================
========================================================================================================
[cco] Working on terminal number 85
[!] Support domain radius = 0.927362
[!] Checking collisions!
Feasible segments: 32 52 54 75 114 167 168 
========================================================================================================
========================================================================================================
[cco] Working on terminal number 86
[!] Support domain radius = 0.932738
[!] Checking collisions!
Feasible segments: 29 31 75 76 95 96 127 128 
========================================================================================================
========================================================================================================
[cco] Working on terminal number 87
[!] Support domain radius = 0.938083
[!] Checking collisions!
Feasible segments: 9 10 23 25 54 58 81 131 132 147 148 
========================================================================================================
========================================================================================================
[cco] Working on terminal number 88
[!] Support domain radius = 0.943398
[!] Checking collisions!
Feasible segments: 0 11 13 15 17 67 160 163 164 
========================================================================================================
========================================================================================================
[cco] Working on terminal number 89
[!] Support domain radius = 0.948683
[!] Checking collisions!
Feasible segments: 7 20 29 30 93 99 100 105 106 107 111 117 118 125 126 
========================================================================================================
========================================================================================================
[cco] Working on terminal number 90
[!] Support domain radius = 0.953939
[!] Checking collisions!
Feasible segments: 29 31 75 95 96 127 171 172 
========================================================================================================
========================================================================================================
[cco] Working on terminal number 91
[!] Support domain radius = 0.959166
[!] Checking collisions!
Feasible segments: 6 50 69 70 93 94 156 
========================================================================================================
========================================================================================================
[cco] Working on terminal number 92
[!] Support domain radius = 0.964365
[!] Checking collisions!
Feasible segments: 32 52 53 54 169 170 
========================================================================================================
========================================================================================================
[cco] Working on terminal number 93
[!] Support domain radius = 0.969536
[!] Checking collisions!
Feasible segments: 0 1 5 11 13 15 137 159 160 163 164 176 
========================================================================================================
========================================================================================================
[cco] Working on terminal number 94
[!] Support domain radius = 0.974679
[!] Checking collisions!
Feasible segments: 10 26 54 58 81 85 92 97 101 102 104 139 148 149 150 173 174 
========================================================================================================
========================================================================================================
[cco] Working on terminal number 95
[!] Support domain radius = 0.979796
[!] Checking collisions!
Feasible segments: 8 30 76 94 106 108 117 118 125 126 127 128 155 171 
========================================================================================================
========================================================================================================
[cco] Working on terminal number 96
[!] Support domain radius = 0.984886
[!] Checking collisions!
Feasible segments: 18 22 42 73 115 116 119 135 136 
========================================================================================================
========================================================================================================
[cco] Working on terminal number 97
[!] Support domain radius = 0.989949
[!] Checking collisions!
Feasible segments: 9 10 23 25 81 131 132 148 174 
========================================================================================================
========================================================================================================
[cco] Working on terminal number 98
[!] Support domain radius = 0.994987
[!] Checking collisions!
Feasible segments: 10 23 31 58 81 85 91 92 101 103 104 132 139 147 148 173 174 187 188 
========================================================================================================
========================================================================================================
[cco] Working on terminal number 99
[!] Support domain radius = 1
[!] Checking collisions!
Feasible segments: 8 30 99 100 107 108 118 127 128 171 178 189 190 
========================================================================================================
========================================================================================================
Number of node in list = 200
Node 0 -- Point(0,0,0)
Node 1 -- Point(-0.528214,-0.435991,0)
Node 2 -- Point(-0.264107,-0.217996,0)
Node 3 -- Point(-0.384676,-3.11253,0)
Node 4 -- Point(-0.324391,-1.66526,0)
Node 5 -- Point(2.15158,-3.78018,0)
Node 6 -- Point(-0.132053,-0.108998,0)
Node 7 -- Point(1.38232,-0.58899,0)
Node 8 -- Point(0.913594,-2.72272,0)
Node 9 -- Point(1.64988,-2.44803,0)
Node 10 -- Point(0.294601,-2.19399,0)
Node 11 -- Point(0.272833,-2.88238,0)
Node 12 -- Point(-0.294249,-0.941629,0)
Node 13 -- Point(-1.39739,-1.23536,0)
Node 14 -- Point(-0.84582,-1.08849,0)
Node 15 -- Point(-0.969046,-1.57624,0)
Node 16 -- Point(-1.1216,-1.16193,0)
Node 17 -- Point(-1.1442,-0.608973,0)
Node 18 -- Point(-1.1329,-0.88545,0)
Node 19 -- Point(-1.94909,-0.0895458,0)
Node 20 -- Point(0.625133,-0.348994,0)
Node 21 -- Point(1.07527,-0.904323,0)
Node 22 -- Point(-1.541,-0.487498,0)
Node 23 -- Point(-1.92344,-0.915245,0)
Node 24 -- Point(-0.354534,-2.3889,0)
Node 25 -- Point(-1.31609,-2.33727,0)
Node 26 -- Point(-0.369605,-2.75071,0)
Node 27 -- Point(0.233966,-4.11254,0)
Node 28 -- Point(-0.835312,-2.36308,0)
Node 29 -- Point(-1.06086,-2.70286,0)
Node 30 -- Point(1.28174,-2.58538,0)
Node 31 -- Point(1.74517,-1.5603,0)
Node 32 -- Point(1.53259,-3.25145,0)
Node 33 -- Point(1.06866,-4.1702,0)
Node 34 -- Point(-0.948086,-2.53297,0)
Node 35 -- Point(-1.62235,-3.59639,0)
Node 36 -- Point(-1.0757,-2.35018,0)
Node 37 -- Point(-2.21337,-2.17907,0)
Node 38 -- Point(-1.28522,-3.06468,0)
Node 39 -- Point(-1.17045,-4.34081,0)
Node 40 -- Point(-1.45378,-3.33054,0)
Node 41 -- Point(-1.85958,-3.48939,0)
Node 42 -- Point(-1.73222,-0.701371,0)
Node 43 -- Point(-2.00379,-0.705735,0)
Node 44 -- Point(-0.907433,-1.33237,0)
Node 45 -- Point(-1.20302,-1.72512,0)
Node 46 -- Point(0.850202,-0.626658,0)
Node 47 -- Point(0.419899,-0.806649,0)
Node 48 -- Point(-1.65668,-3.40996,0)
Node 49 -- Point(-1.95182,-3.06664,0)
Node 50 -- Point(0.962736,-0.765491,0)
Node 51 -- Point(1.84094,-0.883477,0)
Node 52 -- Point(1.30062,-3.71083,0)
Node 53 -- Point(1.37619,-4.11001,0)
Node 54 -- Point(1.18464,-3.94051,0)
Node 55 -- Point(0.700174,-4.32637,0)
Node 56 -- Point(-1.22783,-3.70275,0)
Node 57 -- Point(-0.875219,-4.43738,0)
Node 58 -- Point(0.942408,-4.13344,0)
Node 59 -- Point(0.703485,-3.84012,0)
Node 60 -- Point(1.00373,-0.468992,0)
Node 61 -- Point(1.24104,-0.031216,0)
Node 62 -- Point(-1.74504,-0.288522,0)
Node 63 -- Point(-1.92262,-0.442014,0)
Node 64 -- Point(0.81443,-0.408993,0)
Node 65 -- Point(0.768495,-0.131822,0)
Node 66 -- Point(-1.19914,-4.02178,0)
Node 67 -- Point(-2.19775,-4.45443,0)
Node 68 -- Point(-0.279178,-0.579812,0)
Node 69 -- Point(0.146892,-0.691946,0)
Node 70 -- Point(1.12238,-0.250104,0)
Node 71 -- Point(1.89342,-0.194067,0)
Node 72 -- Point(-1.2595,-1.19864,0)
Node 73 -- Point(-1.73843,-1.61713,0)
Node 74 -- Point(-1.82783,-0.808308,0)
Node 75 -- Point(-1.66959,-1.01764,0)
Node 76 -- Point(1.84208,-3.51582,0)
Node 77 -- Point(2.14409,-3.32642,0)
Node 78 -- Point(-1.05153,-4.07006,0)
Node 79 -- Point(-0.633991,-4.16291,0)
Node 80 -- Point(-0.891699,-2.44803,0)
Node 81 -- Point(-0.693436,-2.67649,0)
Node 82 -- Point(-0.339463,-2.02708,0)
Node 83 -- Point(-0.535696,-1.7091,0)
Node 84 -- Point(-0.30932,-1.30345,0)
Node 85 -- Point(-0.0807855,-1.3638,0)
Node 86 -- Point(0.822946,-3.98678,0)
Node 87 -- Point(0.831756,-3.62147,0)
Node 88 -- Point(-1.69845,-4.2381,0)
Node 89 -- Point(-1.57571,-3.94023,0)
Node 90 -- Point(-1.64454,-2.26462,0)
Node 91 -- Point(-2.01621,-2.00846,0)
Node 92 -- Point(-0.0678194,-3.43163,0)
Node 93 -- Point(0.329691,-3.63561,0)
Node 94 -- Point(1.40184,-0.824484,0)
Node 95 -- Point(2.23126,-0.976075,0)
Node 96 -- Point(1.99309,-3.42112,0)
Node 97 -- Point(1.92664,-3.2242,0)
Node 98 -- Point(0.0830733,-3.77208,0)
Node 99 -- Point(-0.454205,-3.64375,0)
Node 100 -- Point(1.81655,-0.900279,0)
Node 101 -- Point(1.81024,-1.15196,0)
Node 102 -- Point(0.604098,-2.45836,0)
Node 103 -- Point(0.777868,-2.85161,0)
Node 104 -- Point(0.690983,-2.65498,0)
Node 105 -- Point(0.606921,-3.20785,0)
Node 106 -- Point(1.019,-0.834907,0)
Node 107 -- Point(0.8972,-1.41707,0)
Node 108 -- Point(1.51345,-2.07284,0)
Node 109 -- Point(1.79578,-1.93285,0)
Node 110 -- Point(-1.25653,-3.38371,0)
Node 111 -- Point(-0.736906,-3.43563,0)
Node 112 -- Point(0.958101,-1.12599,0)
Node 113 -- Point(0.824863,-1.71367,0)
Node 114 -- Point(1.33841,-3.91042,0)
Node 115 -- Point(1.7316,-4.17372,0)
Node 116 -- Point(-1.74871,-0.912974,0)
Node 117 -- Point(-1.79205,-1.18343,0)
Node 118 -- Point(1.81339,-1.02612,0)
Node 119 -- Point(1.94919,-1.45139,0)
Node 120 -- Point(-1.49896,-1.40789,0)
Node 121 -- Point(-1.53538,-1.79308,0)
Node 122 -- Point(-1.36012,-2.3074,0)
Node 123 -- Point(-1.39441,-1.95207,0)
Node 124 -- Point(0.891482,-1.41983,0)
Node 125 -- Point(0.425055,-1.61854,0)
Node 126 -- Point(0.858173,-1.56675,0)
Node 127 -- Point(1.11701,-1.64871,0)
Node 128 -- Point(1.46581,-2.5167,0)
Node 129 -- Point(2.04139,-2.63248,0)
Node 130 -- Point(-0.37714,-2.93162,0)
Node 131 -- Point(-0.66921,-3.07088,0)
Node 132 -- Point(-0.218712,-3.09117,0)
Node 133 -- Point(0.0560599,-2.98615,0)
Node 134 -- Point(0.924792,-1.27291,0)
Node 135 -- Point(0.66951,-1.10929,0)
Node 136 -- Point(-1.6187,-1.51251,0)
Node 137 -- Point(-2.1515,-1.53771,0)
Node 138 -- Point(-0.570034,-1.01506,0)
Node 139 -- Point(-0.610007,-1.28918,0)
Node 140 -- Point(0.44935,-2.32617,0)
Node 141 -- Point(0.784752,-2.15982,0)
Node 142 -- Point(0.24654,-0.228996,0)
Node 143 -- Point(0.116255,-0.384853,0)
Node 144 -- Point(-1.64302,-0.38801,0)
Node 145 -- Point(-1.55239,-0.1471,0)
Node 146 -- Point(-1.32844,-1.217,0)
Node 147 -- Point(-1.4391,-0.99266,0)
Node 148 -- Point(0.827351,-3.80413,0)
Node 149 -- Point(0.709937,-3.40677,0)
Node 150 -- Point(0.15852,-3.94231,0)
Node 151 -- Point(-0.0286978,-4.35038,0)
Node 152 -- Point(-0.301785,-1.12254,0)
Node 153 -- Point(-0.0783042,-0.965199,0)
Node 154 -- Point(-1.11665,-2.79883,0)
Node 155 -- Point(-1.35049,-2.73892,0)
Node 156 -- Point(2.0239,-0.938177,0)
Node 157 -- Point(1.99744,-0.547058,0)
Node 158 -- Point(0.63505,-0.716654,0)
Node 159 -- Point(0.449415,-0.58127,0)
Node 160 -- Point(-0.707927,-1.05178,0)
Node 161 -- Point(-0.683719,-0.825657,0)
Node 162 -- Point(-1.03237,-2.6659,0)
Node 163 -- Point(-0.886542,-2.93873,0)
Node 164 -- Point(-1.13855,-0.747212,0)
Node 165 -- Point(-0.964688,-0.343252,0)
Node 166 -- Point(-0.316856,-1.48435,0)
Node 167 -- Point(-0.0985619,-1.61044,0)
Node 168 -- Point(1.99683,-3.648,0)
Node 169 -- Point(2.02243,-4.09735,0)
Node 170 -- Point(1.535,-4.04207,0)
Node 171 -- Point(1.80391,-4.39877,0)
Node 172 -- Point(1.7536,-2.57459,0)
Node 173 -- Point(1.8268,-2.7821,0)
Node 174 -- Point(0.283717,-2.53819,0)
Node 175 -- Point(-0.00830061,-2.57684,0)
Node 176 -- Point(-1.13573,-0.816331,0)
Node 177 -- Point(-0.924965,-0.825455,0)
Node 178 -- Point(1.60919,-0.862382,0)
Node 179 -- Point(1.49031,-1.046,0)
Node 180 -- Point(1.7902,-2.67835,0)
Node 181 -- Point(1.6682,-2.97135,0)
Node 182 -- Point(2.01067,-0.742618,0)
Node 183 -- Point(2.22622,-0.241753,0)
Node 184 -- Point(1.66946,-4.22042,0)
Node 185 -- Point(1.43522,-4.33079,0)
Node 186 -- Point(-1.05162,-0.545232,0)
Node 187 -- Point(-0.754066,-0.407629,0)
Node 188 -- Point(0.821291,-4.22991,0)
Node 189 -- Point(0.582465,-4.13007,0)
Node 190 -- Point(1.88129,-1.23875,0)
Node 191 -- Point(2.16829,-1.51267,0)
Node 192 -- Point(-1.87563,-0.861777,0)
Node 193 -- Point(-2.16317,-1.08622,0)
Node 194 -- Point(-0.294159,-2.92094,0)
Node 195 -- Point(-0.101083,-2.8124,0)
Node 196 -- Point(0.130936,-3.53362,0)
Node 197 -- Point(0.327891,-3.37906,0)
Node 198 -- Point(1.65462,-2.00284,0)
Node 199 -- Point(1.98705,-2.01656,0)
========================================================================================================
========================================================================================================
Number of segment_node in list = 199
Segment 0 (2,1) -- Source(-0.264107,-0.217996,0) - Destination(-0.528214,-0.435991,0) -- NDIST = 1
	BETA = 0.162222
	RESISTANCE = 3.13938 -- RADIUS = 0.246249 -- DELTA_P = 1.56969
	PARENT = 1 -- LEFT = NIL -- RIGHT = NIL
Segment 1 (6,2) -- Source(-0.132053,-0.108998,0) - Destination(-0.264107,-0.217996,0) -- NDIST = 79
	BETA = 0.937728
	RESISTANCE = 58.9526 -- RADIUS = 1.51798 -- DELTA_P = 46.5726
	PARENT = 5 -- LEFT = 67 -- RIGHT = 0
Segment 2 (130,3) -- Source(-0.37714,-2.93162,0) - Destination(-0.384676,-3.11253,0) -- NDIST = 1
	BETA = 0.732379
	RESISTANCE = 1.65988 -- RADIUS = 0.278863 -- DELTA_P = 0.0251498
	PARENT = 129 -- LEFT = NIL -- RIGHT = NIL
Segment 3 (166,4) -- Source(-0.316856,-1.48435,0) - Destination(-0.324391,-1.66526,0) -- NDIST = 53
	BETA = 0.998277
	RESISTANCE = 48.5549 -- RADIUS = 1.39265 -- DELTA_P = 25.7341
	PARENT = 165 -- LEFT = 9 -- RIGHT = 81
Segment 4 (168,5) -- Source(1.99683,-3.648,0) - Destination(2.15158,-3.78018,0) -- NDIST = 1
	BETA = 0.708355
	RESISTANCE = 1.86571 -- RADIUS = 0.35305 -- DELTA_P = 0.0219495
	PARENT = 167 -- LEFT = NIL -- RIGHT = NIL
Segment 5 (0,6) -- Source(0,0,0) - Destination(-0.132053,-0.108998,0) -- NDIST = 100
	BETA = -1
	RESISTANCE = 61.801 -- RADIUS = 1.61878 -- DELTA_P = 61.801
	PARENT = NIL -- LEFT = 141 -- RIGHT = 1
Segment 6 (60,7) -- Source(1.00373,-0.468992,0) - Destination(1.38232,-0.58899,0) -- NDIST = 1
	BETA = 0.628447
	RESISTANCE = 3.64085 -- RADIUS = 0.301777 -- DELTA_P = 0.117447
	PARENT = 59 -- LEFT = NIL -- RIGHT = NIL
Segment 7 (102,8) -- Source(0.604098,-2.45836,0) - Destination(0.913594,-2.72272,0) -- NDIST = 21
	BETA = 0.982941
	RESISTANCE = 30.2822 -- RADIUS = 1.07517 -- DELTA_P = 6.35925
	PARENT = 101 -- LEFT = 29 -- RIGHT = 31
Segment 8 (128,9) -- Source(1.46581,-2.5167,0) - Destination(1.64988,-2.44803,0) -- NDIST = 1
	BETA = 0.522175
	RESISTANCE = 1.80105 -- RADIUS = 0.292835 -- DELTA_P = 0.0277085
	PARENT = 127 -- LEFT = NIL -- RIGHT = NIL
Segment 9 (4,10) -- Source(-0.324391,-1.66526,0) - Destination(0.294601,-2.19399,0) -- NDIST = 26
	BETA = 0.802553
	RESISTANCE = 39.6574 -- RADIUS = 1.11768 -- DELTA_P = 10.3109
	PARENT = 3 -- LEFT = 173 -- RIGHT = 139
Segment 10 (174,11) -- Source(0.283717,-2.53819,0) - Destination(0.272833,-2.88238,0) -- NDIST = 1
	BETA = 0.808888
	RESISTANCE = 3.15692 -- RADIUS = 0.323295 -- DELTA_P = 0.035874
	PARENT = 173 -- LEFT = NIL -- RIGHT = NIL
Segment 11 (68,12) -- Source(-0.279178,-0.579812,0) - Destination(-0.294249,-0.941629,0) -- NDIST = 77
	BETA = 0.998192
	RESISTANCE = 54.7777 -- RADIUS = 1.51307 -- DELTA_P = 42.1788
	PARENT = 67 -- LEFT = 137 -- RIGHT = 151
Segment 12 (146,13) -- Source(-1.32844,-1.217,0) - Destination(-1.39739,-1.23536,0) -- NDIST = 1
	BETA = 0.654779
	RESISTANCE = 0.654075 -- RADIUS = 0.213562 -- DELTA_P = 0.00883885
	PARENT = 145 -- LEFT = NIL -- RIGHT = NIL
Segment 13 (160,14) -- Source(-0.707927,-1.05178,0) - Destination(-0.84582,-1.08849,0) -- NDIST = 19
	BETA = 0.993445
	RESISTANCE = 20.3105 -- RADIUS = 0.884835 -- DELTA_P = 3.97834
	PARENT = 159 -- LEFT = 43 -- RIGHT = 15
Segment 14 (44,15) -- Source(-0.907433,-1.33237,0) - Destination(-0.969046,-1.57624,0) -- NDIST = 1
	BETA = 0.722376
	RESISTANCE = 2.30591 -- RADIUS = 0.278861 -- DELTA_P = 0.100257
	PARENT = 43 -- LEFT = NIL -- RIGHT = NIL
Segment 15 (14,16) -- Source(-0.84582,-1.08849,0) - Destination(-1.1216,-1.16193,0) -- NDIST = 17
	BETA = 0.971517
	RESISTANCE = 18.9196 -- RADIUS = 0.859631 -- DELTA_P = 3.3158
	PARENT = 13 -- LEFT = 17 -- RIGHT = 71
Segment 16 (164,17) -- Source(-1.13855,-0.747212,0) - Destination(-1.1442,-0.608973,0) -- NDIST = 1
	BETA = 0.555935
	RESISTANCE = 1.26834 -- RADIUS = 0.248952 -- DELTA_P = 0.0152811
	PARENT = 163 -- LEFT = NIL -- RIGHT = NIL
Segment 17 (16,18) -- Source(-1.1216,-1.16193,0) - Destination(-1.1329,-0.88545,0) -- NDIST = 12
	BETA = 0.90999
	RESISTANCE = 15.8376 -- RADIUS = 0.782256 -- DELTA_P = 1.95929
	PARENT = 15 -- LEFT = 21 -- RIGHT = 175
Segment 18 (62,19) -- Source(-1.74504,-0.288522,0) - Destination(-1.94909,-0.0895458,0) -- NDIST = 1
	BETA = 0.812477
	RESISTANCE = 2.61271 -- RADIUS = 0.366794 -- DELTA_P = 0.0816473
	PARENT = 61 -- LEFT = NIL -- RIGHT = NIL
Segment 19 (142,20) -- Source(0.24654,-0.228996,0) - Destination(0.625133,-0.348994,0) -- NDIST = 20
	BETA = 0.995061
	RESISTANCE = 25.2462 -- RADIUS = 0.901711 -- DELTA_P = 5.25962
	PARENT = 141 -- LEFT = 45 -- RIGHT = 63
Segment 20 (106,21) -- Source(1.019,-0.834907,0) - Destination(1.07527,-0.904323,0) -- NDIST = 1
	BETA = 0.349642
	RESISTANCE = 0.81916 -- RADIUS = 0.205463 -- DELTA_P = 0.0151696
	PARENT = 105 -- LEFT = NIL -- RIGHT = NIL
Segment 21 (18,22) -- Source(-1.1329,-0.88545,0) - Destination(-1.541,-0.487498,0) -- NDIST = 8
	BETA = 0.917516
	RESISTANCE = 14.1393 -- RADIUS = 0.717733 -- DELTA_P = 1.16613
	PARENT = 17 -- LEFT = 41 -- RIGHT = 143
Segment 22 (192,23) -- Source(-1.87563,-0.861777,0) - Destination(-1.92344,-0.915245,0) -- NDIST = 1
	BETA = 0.610883
	RESISTANCE = 0.657511 -- RADIUS = 0.279468 -- DELTA_P = 0.00677846
	PARENT = 191 -- LEFT = NIL -- RIGHT = NIL
Segment 23 (82,24) -- Source(-0.339463,-2.02708,0) - Destination(-0.354534,-2.3889,0) -- NDIST = 26
	BETA = 0.994652
	RESISTANCE = 32.0914 -- RADIUS = 1.08689 -- DELTA_P = 8.42805
	PARENT = 81 -- LEFT = 27 -- RIGHT = 25
Segment 24 (36,25) -- Source(-1.0757,-2.35018,0) - Destination(-1.31609,-2.33727,0) -- NDIST = 1
	BETA = 0.491618
	RESISTANCE = 2.2069 -- RADIUS = 0.279136 -- DELTA_P = 0.116153
	PARENT = 35 -- LEFT = NIL -- RIGHT = NIL
Segment 25 (24,26) -- Source(-0.354534,-2.3889,0) - Destination(-0.369605,-2.75071,0) -- NDIST = 9
	BETA = 0.674212
	RESISTANCE = 17.1744 -- RADIUS = 0.732796 -- DELTA_P = 1.56131
	PARENT = 23 -- LEFT = 193 -- RIGHT = 129
Segment 26 (150,27) -- Source(0.15852,-3.94231,0) - Destination(0.233966,-4.11254,0) -- NDIST = 1
	BETA = 0.698444
	RESISTANCE = 1.70694 -- RADIUS = 0.353522 -- DELTA_P = 0.0224598
	PARENT = 149 -- LEFT = NIL -- RIGHT = NIL
Segment 27 (24,28) -- Source(-0.354534,-2.3889,0) - Destination(-0.835312,-2.36308,0) -- NDIST = 17
	BETA = 0.88516
	RESISTANCE = 27.0132 -- RADIUS = 0.962074 -- DELTA_P = 5.6003
	PARENT = 23 -- LEFT = 79 -- RIGHT = 35
Segment 28 (34,29) -- Source(-0.948086,-2.53297,0) - Destination(-1.06086,-2.70286,0) -- NDIST = 1
	BETA = 0.294724
	RESISTANCE = 1.86933 -- RADIUS = 0.259759 -- DELTA_P = 0.103851
	PARENT = 33 -- LEFT = NIL -- RIGHT = NIL
Segment 29 (8,30) -- Source(0.913594,-2.72272,0) - Destination(1.28174,-2.58538,0) -- NDIST = 7
	BETA = 0.65993
	RESISTANCE = 15.1074 -- RADIUS = 0.709534 -- DELTA_P = 1.05752
	PARENT = 7 -- LEFT = 107 -- RIGHT = 127
Segment 30 (108,31) -- Source(1.51345,-2.07284,0) - Destination(1.74517,-1.5603,0) -- NDIST = 1
	BETA = 0.741838
	RESISTANCE = 5.15647 -- RADIUS = 0.419507 -- DELTA_P = 0.093754
	PARENT = 107 -- LEFT = NIL -- RIGHT = NIL
Segment 31 (8,32) -- Source(0.913594,-2.72272,0) - Destination(1.53259,-3.25145,0) -- NDIST = 14
	BETA = 0.893198
	RESISTANCE = 25.3489 -- RADIUS = 0.960336 -- DELTA_P = 3.73562
	PARENT = 7 -- LEFT = 51 -- RIGHT = 75
Segment 32 (54,33) -- Source(1.18464,-3.94051,0) - Destination(1.06866,-4.1702,0) -- NDIST = 1
	BETA = 0.457809
	RESISTANCE = 2.35884 -- RADIUS = 0.343702 -- DELTA_P = 0.0842442
	PARENT = 53 -- LEFT = NIL -- RIGHT = NIL
Segment 33 (80,34) -- Source(-0.891699,-2.44803,0) - Destination(-0.948086,-2.53297,0) -- NDIST = 12
	BETA = 0.989144
	RESISTANCE = 21.581 -- RADIUS = 0.881364 -- DELTA_P = 3.15819
	PARENT = 79 -- LEFT = 161 -- RIGHT = 28
Segment 34 (40,35) -- Source(-1.45378,-3.33054,0) - Destination(-1.62235,-3.59639,0) -- NDIST = 1
	BETA = 0.638464
	RESISTANCE = 2.88579 -- RADIUS = 0.344183 -- DELTA_P = 0.137418
	PARENT = 39 -- LEFT = NIL -- RIGHT = NIL
Segment 35 (28,36) -- Source(-0.835312,-2.36308,0) - Destination(-1.0757,-2.35018,0) -- NDIST = 4
	BETA = 0.590173
	RESISTANCE = 11.6521 -- RADIUS = 0.56779 -- DELTA_P = 0.751748
	PARENT = 27 -- LEFT = 121 -- RIGHT = 24
Segment 36 (90,37) -- Source(-1.64454,-2.26462,0) - Destination(-2.21337,-2.17907,0) -- NDIST = 1
	BETA = 0.816995
	RESISTANCE = 5.27334 -- RADIUS = 0.40862 -- DELTA_P = 0.114638
	PARENT = 89 -- LEFT = NIL -- RIGHT = NIL
Segment 37 (154,38) -- Source(-1.11665,-2.79883,0) - Destination(-1.28522,-3.06468,0) -- NDIST = 9
	BETA = 0.988401
	RESISTANCE = 20.9799 -- RADIUS = 0.852617 -- DELTA_P = 2.42076
	PARENT = 153 -- LEFT = 109 -- RIGHT = 39
Segment 38 (66,39) -- Source(-1.19914,-4.02178,0) - Destination(-1.17045,-4.34081,0) -- NDIST = 1
	BETA = 0.577203
	RESISTANCE = 2.93648 -- RADIUS = 0.368947 -- DELTA_P = 0.086367
	PARENT = 65 -- LEFT = NIL -- RIGHT = NIL
Segment 39 (38,40) -- Source(-1.28522,-3.06468,0) - Destination(-1.45378,-3.33054,0) -- NDIST = 3
	BETA = 0.632265
	RESISTANCE = 8.67473 -- RADIUS = 0.53908 -- DELTA_P = 1.04097
	PARENT = 37 -- LEFT = 47 -- RIGHT = 34
Segment 40 (48,41) -- Source(-1.65668,-3.40996,0) - Destination(-1.85958,-3.48939,0) -- NDIST = 1
	BETA = 0.715447
	RESISTANCE = 1.99747 -- RADIUS = 0.348811 -- DELTA_P = 0.0798989
	PARENT = 47 -- LEFT = NIL -- RIGHT = NIL
Segment 41 (22,42) -- Source(-1.541,-0.487498,0) - Destination(-1.73222,-0.701371,0) -- NDIST = 5
	BETA = 0.869282
	RESISTANCE = 8.1439 -- RADIUS = 0.623913 -- DELTA_P = 0.419788
	PARENT = 21 -- LEFT = 42 -- RIGHT = 73
Segment 42 (42,43) -- Source(-1.73222,-0.701371,0) - Destination(-2.00379,-0.705735,0) -- NDIST = 1
	BETA = 0.548201
	RESISTANCE = 2.48991 -- RADIUS = 0.342029 -- DELTA_P = 0.113178
	PARENT = 41 -- LEFT = NIL -- RIGHT = NIL
Segment 43 (14,44) -- Source(-0.84582,-1.08849,0) - Destination(-0.907433,-1.33237,0) -- NDIST = 2
	BETA = 0.436276
	RESISTANCE = 6.53999 -- RADIUS = 0.386033 -- DELTA_P = 0.568695
	PARENT = 13 -- LEFT = 44 -- RIGHT = 14
Segment 44 (44,45) -- Source(-0.907433,-1.33237,0) - Destination(-1.20302,-1.72512,0) -- NDIST = 1
	BETA = 0.854096
	RESISTANCE = 4.50625 -- RADIUS = 0.329709 -- DELTA_P = 0.195924
	PARENT = 43 -- LEFT = NIL -- RIGHT = NIL
Segment 45 (20,46) -- Source(0.625133,-0.348994,0) - Destination(0.850202,-0.626658,0) -- NDIST = 16
	BETA = 0.937615
	RESISTANCE = 20.8722 -- RADIUS = 0.845458 -- DELTA_P = 3.4787
	PARENT = 19 -- LEFT = 157 -- RIGHT = 49
Segment 46 (158,47) -- Source(0.63505,-0.716654,0) - Destination(0.419899,-0.806649,0) -- NDIST = 1
	BETA = 0.795179
	RESISTANCE = 2.13796 -- RADIUS = 0.289073 -- DELTA_P = 0.0267245
	PARENT = 157 -- LEFT = NIL -- RIGHT = NIL
Segment 47 (40,48) -- Source(-1.45378,-3.33054,0) - Destination(-1.65668,-3.40996,0) -- NDIST = 2
	BETA = 0.904398
	RESISTANCE = 5.80936 -- RADIUS = 0.487543 -- DELTA_P = 0.464749
	PARENT = 39 -- LEFT = 48 -- RIGHT = 40
Segment 48 (48,49) -- Source(-1.65668,-3.40996,0) - Destination(-1.95182,-3.06664,0) -- NDIST = 1
	BETA = 0.858976
	RESISTANCE = 4.15045 -- RADIUS = 0.418788 -- DELTA_P = 0.166018
	PARENT = 47 -- LEFT = NIL -- RIGHT = NIL
Segment 49 (46,50) -- Source(0.850202,-0.626658,0) - Destination(0.962736,-0.765491,0) -- NDIST = 14
	BETA = 0.972766
	RESISTANCE = 18.0065 -- RADIUS = 0.822433 -- DELTA_P = 2.62595
	PARENT = 45 -- LEFT = 93 -- RIGHT = 105
Segment 50 (94,51) -- Source(1.40184,-0.824484,0) - Destination(1.84094,-0.883477,0) -- NDIST = 1
	BETA = 0.45759
	RESISTANCE = 4.06156 -- RADIUS = 0.323508 -- DELTA_P = 0.0846158
	PARENT = 93 -- LEFT = NIL -- RIGHT = NIL
Segment 51 (32,52) -- Source(1.53259,-3.25145,0) - Destination(1.30062,-3.71083,0) -- NDIST = 10
	BETA = 0.910174
	RESISTANCE = 17.1846 -- RADIUS = 0.874072 -- DELTA_P = 1.80891
	PARENT = 31 -- LEFT = 113 -- RIGHT = 53
Segment 52 (114,53) -- Source(1.33841,-3.91042,0) - Destination(1.37619,-4.11001,0) -- NDIST = 1
	BETA = 0.52122
	RESISTANCE = 1.86222 -- RADIUS = 0.325988 -- DELTA_P = 0.0321073
	PARENT = 113 -- LEFT = NIL -- RIGHT = NIL
Segment 53 (52,54) -- Source(1.30062,-3.71083,0) - Destination(1.18464,-3.94051,0) -- NDIST = 6
	BETA = 0.858913
	RESISTANCE = 11.3085 -- RADIUS = 0.750753 -- DELTA_P = 0.714222
	PARENT = 51 -- LEFT = 57 -- RIGHT = 32
Segment 54 (188,55) -- Source(0.821291,-4.22991,0) - Destination(0.700174,-4.32637,0) -- NDIST = 1
	BETA = 0.739755
	RESISTANCE = 1.41945 -- RADIUS = 0.372471 -- DELTA_P = 0.0149415
	PARENT = 187 -- LEFT = NIL -- RIGHT = NIL
Segment 55 (110,56) -- Source(-1.25653,-3.38371,0) - Destination(-1.22783,-3.70275,0) -- NDIST = 5
	BETA = 0.962534
	RESISTANCE = 15.932 -- RADIUS = 0.744718 -- DELTA_P = 1.4225
	PARENT = 109 -- LEFT = 77 -- RIGHT = 65
Segment 56 (78,57) -- Source(-1.05153,-4.07006,0) - Destination(-0.875219,-4.43738,0) -- NDIST = 1
	BETA = 0.788849
	RESISTANCE = 3.73512 -- RADIUS = 0.420866 -- DELTA_P = 0.0933781
	PARENT = 77 -- LEFT = NIL -- RIGHT = NIL
Segment 57 (54,58) -- Source(1.18464,-3.94051,0) - Destination(0.942408,-4.13344,0) -- NDIST = 5
	BETA = 0.966935
	RESISTANCE = 9.3881 -- RADIUS = 0.725929 -- DELTA_P = 0.49411
	PARENT = 53 -- LEFT = 85 -- RIGHT = 187
Segment 58 (86,59) -- Source(0.822946,-3.98678,0) - Destination(0.703485,-3.84012,0) -- NDIST = 1
	BETA = 0.594787
	RESISTANCE = 1.73406 -- RADIUS = 0.377123 -- DELTA_P = 0.0394105
	PARENT = 85 -- LEFT = NIL -- RIGHT = NIL
Segment 59 (64,60) -- Source(0.81443,-0.408993,0) - Destination(1.00373,-0.468992,0) -- NDIST = 3
	BETA = 0.950769
	RESISTANCE = 9.60094 -- RADIUS = 0.480195 -- DELTA_P = 0.800078
	PARENT = 63 -- LEFT = 69 -- RIGHT = 6
Segment 60 (70,61) -- Source(1.12238,-0.250104,0) - Destination(1.24104,-0.031216,0) -- NDIST = 1
	BETA = 0.66905
	RESISTANCE = 2.28249 -- RADIUS = 0.292131 -- DELTA_P = 0.0634024
	PARENT = 69 -- LEFT = NIL -- RIGHT = NIL
Segment 61 (144,62) -- Source(-1.64302,-0.38801,0) - Destination(-1.74504,-0.288522,0) -- NDIST = 2
	BETA = 0.898457
	RESISTANCE = 4.30426 -- RADIUS = 0.451452 -- DELTA_P = 0.117925
	PARENT = 143 -- LEFT = 62 -- RIGHT = 18
Segment 62 (62,63) -- Source(-1.74504,-0.288522,0) - Destination(-1.92262,-0.442014,0) -- NDIST = 1
	BETA = 0.773991
	RESISTANCE = 2.15175 -- RADIUS = 0.34942 -- DELTA_P = 0.0672423
	PARENT = 61 -- LEFT = NIL -- RIGHT = NIL
Segment 63 (20,64) -- Source(0.625133,-0.348994,0) - Destination(0.81443,-0.408993,0) -- NDIST = 4
	BETA = 0.560113
	RESISTANCE = 10.6324 -- RADIUS = 0.50506 -- DELTA_P = 1.18138
	PARENT = 19 -- LEFT = 64 -- RIGHT = 59
Segment 64 (64,65) -- Source(0.81443,-0.408993,0) - Destination(0.768495,-0.131822,0) -- NDIST = 1
	BETA = 0.519918
	RESISTANCE = 2.57557 -- RADIUS = 0.26259 -- DELTA_P = 0.0780477
	PARENT = 63 -- LEFT = NIL -- RIGHT = NIL
Segment 65 (56,66) -- Source(-1.22783,-3.70275,0) - Destination(-1.19914,-4.02178,0) -- NDIST = 3
	BETA = 0.85831
	RESISTANCE = 11.7549 -- RADIUS = 0.639199 -- DELTA_P = 0.783661
	PARENT = 55 -- LEFT = 87 -- RIGHT = 38
Segment 66 (88,67) -- Source(-1.69845,-4.2381,0) - Destination(-2.19775,-4.45443,0) -- NDIST = 1
	BETA = 0.84204
	RESISTANCE = 4.98842 -- RADIUS = 0.501247 -- DELTA_P = 0.110854
	PARENT = 87 -- LEFT = NIL -- RIGHT = NIL
Segment 67 (2,68) -- Source(-0.264107,-0.217996,0) - Destination(-0.279178,-0.579812,0) -- NDIST = 78
	BETA = 0.998575
	RESISTANCE = 57.788 -- RADIUS = 1.51581 -- DELTA_P = 45.0747
	PARENT = 1 -- LEFT = 68 -- RIGHT = 11
Segment 68 (68,69) -- Source(-0.279178,-0.579812,0) - Destination(0.146892,-0.691946,0) -- NDIST = 1
	BETA = 0.175593
	RESISTANCE = 4.03893 -- RADIUS = 0.266166 -- DELTA_P = 0.115398
	PARENT = 67 -- LEFT = NIL -- RIGHT = NIL
Segment 69 (60,70) -- Source(1.00373,-0.468992,0) - Destination(1.12238,-0.250104,0) -- NDIST = 2
	BETA = 0.909286
	RESISTANCE = 7.97813 -- RADIUS = 0.436635 -- DELTA_P = 0.443229
	PARENT = 59 -- LEFT = 70 -- RIGHT = 60
Segment 70 (70,71) -- Source(1.12238,-0.250104,0) - Destination(1.89342,-0.194067,0) -- NDIST = 1
	BETA = 0.888121
	RESISTANCE = 7.08699 -- RADIUS = 0.387785 -- DELTA_P = 0.196861
	PARENT = 69 -- LEFT = NIL -- RIGHT = NIL
Segment 71 (16,72) -- Source(-1.1216,-1.16193,0) - Destination(-1.2595,-1.19864,0) -- NDIST = 5
	BETA = 0.626967
	RESISTANCE = 8.5651 -- RADIUS = 0.53896 -- DELTA_P = 0.578723
	PARENT = 15 -- LEFT = 119 -- RIGHT = 145
Segment 72 (136,73) -- Source(-1.6187,-1.51251,0) - Destination(-1.73843,-1.61713,0) -- NDIST = 1
	BETA = 0.659971
	RESISTANCE = 1.45762 -- RADIUS = 0.28975 -- DELTA_P = 0.021125
	PARENT = 135 -- LEFT = NIL -- RIGHT = NIL
Segment 73 (42,74) -- Source(-1.73222,-0.701371,0) - Destination(-1.82783,-0.808308,0) -- NDIST = 4
	BETA = 0.941758
	RESISTANCE = 5.42153 -- RADIUS = 0.587575 -- DELTA_P = 0.223568
	PARENT = 41 -- LEFT = 115 -- RIGHT = 191
Segment 74 (116,75) -- Source(-1.74871,-0.912974,0) - Destination(-1.66959,-1.01764,0) -- NDIST = 1
	BETA = 0.714916
	RESISTANCE = 1.2028 -- RADIUS = 0.339519 -- DELTA_P = 0.0203865
	PARENT = 115 -- LEFT = NIL -- RIGHT = NIL
Segment 75 (32,76) -- Source(1.53259,-3.25145,0) - Destination(1.84208,-3.51582,0) -- NDIST = 4
	BETA = 0.62658
	RESISTANCE = 9.64914 -- RADIUS = 0.601727 -- DELTA_P = 0.454077
	PARENT = 31 -- LEFT = 95 -- RIGHT = 167
Segment 76 (96,77) -- Source(1.99309,-3.42112,0) - Destination(2.14409,-3.32642,0) -- NDIST = 1
	BETA = 0.77818
	RESISTANCE = 1.63399 -- RADIUS = 0.353903 -- DELTA_P = 0.0333467
	PARENT = 95 -- LEFT = NIL -- RIGHT = NIL
Segment 77 (56,78) -- Source(-1.22783,-3.70275,0) - Destination(-1.05153,-4.07006,0) -- NDIST = 2
	BETA = 0.716405
	RESISTANCE = 8.55793 -- RADIUS = 0.53352 -- DELTA_P = 0.427897
	PARENT = 55 -- LEFT = 78 -- RIGHT = 56
Segment 78 (78,79) -- Source(-1.05153,-4.07006,0) - Destination(-0.633991,-4.16291,0) -- NDIST = 1
	BETA = 0.798494
	RESISTANCE = 3.92118 -- RADIUS = 0.426012 -- DELTA_P = 0.0980294
	PARENT = 77 -- LEFT = NIL -- RIGHT = NIL
Segment 79 (28,80) -- Source(-0.835312,-2.36308,0) - Destination(-0.891699,-2.44803,0) -- NDIST = 13
	BETA = 0.926162
	RESISTANCE = 21.7446 -- RADIUS = 0.891037 -- DELTA_P = 3.44731
	PARENT = 27 -- LEFT = 80 -- RIGHT = 33
Segment 80 (80,81) -- Source(-0.891699,-2.44803,0) - Destination(-0.693436,-2.67649,0) -- NDIST = 1
	BETA = 0.31819
	RESISTANCE = 2.77307 -- RADIUS = 0.283519 -- DELTA_P = 0.0676359
	PARENT = 79 -- LEFT = NIL -- RIGHT = NIL
Segment 81 (4,82) -- Source(-0.324391,-1.66526,0) - Destination(-0.339463,-2.02708,0) -- NDIST = 27
	BETA = 0.784646
	RESISTANCE = 34.8927 -- RADIUS = 1.09274 -- DELTA_P = 9.51619
	PARENT = 3 -- LEFT = 82 -- RIGHT = 23
Segment 82 (82,83) -- Source(-0.339463,-2.02708,0) - Destination(-0.535696,-1.7091,0) -- NDIST = 1
	BETA = 0.251773
	RESISTANCE = 3.42542 -- RADIUS = 0.275122 -- DELTA_P = 0.0815577
	PARENT = 81 -- LEFT = NIL -- RIGHT = NIL
Segment 83 (152,84) -- Source(-0.301785,-1.12254,0) - Destination(-0.30932,-1.30345,0) -- NDIST = 55
	BETA = 0.998276
	RESISTANCE = 50.7146 -- RADIUS = 1.39728 -- DELTA_P = 27.893
	PARENT = 151 -- LEFT = 84 -- RIGHT = 165
Segment 84 (84,85) -- Source(-0.30932,-1.30345,0) - Destination(-0.0807855,-1.3638,0) -- NDIST = 1
	BETA = 0.168344
	RESISTANCE = 2.16688 -- RADIUS = 0.235224 -- DELTA_P = 0.0503926
	PARENT = 83 -- LEFT = NIL -- RIGHT = NIL
Segment 85 (58,86) -- Source(0.942408,-4.13344,0) - Destination(0.822946,-3.98678,0) -- NDIST = 3
	BETA = 0.873429
	RESISTANCE = 6.35255 -- RADIUS = 0.634047 -- DELTA_P = 0.254102
	PARENT = 57 -- LEFT = 147 -- RIGHT = 58
Segment 86 (148,87) -- Source(0.827351,-3.80413,0) - Destination(0.831756,-3.62147,0) -- NDIST = 1
	BETA = 0.705484
	RESISTANCE = 1.67495 -- RADIUS = 0.413436 -- DELTA_P = 0.0223326
	PARENT = 147 -- LEFT = NIL -- RIGHT = NIL
Segment 87 (66,88) -- Source(-1.19914,-4.02178,0) - Destination(-1.69845,-4.2381,0) -- NDIST = 2
	BETA = 0.931286
	RESISTANCE = 9.9498 -- RADIUS = 0.595277 -- DELTA_P = 0.442213
	PARENT = 65 -- LEFT = 88 -- RIGHT = 66
Segment 88 (88,89) -- Source(-1.69845,-4.2381,0) - Destination(-1.57571,-3.94023,0) -- NDIST = 1
	BETA = 0.738624
	RESISTANCE = 2.95343 -- RADIUS = 0.439686 -- DELTA_P = 0.0656318
	PARENT = 87 -- LEFT = NIL -- RIGHT = NIL
Segment 89 (122,90) -- Source(-1.36012,-2.3074,0) - Destination(-1.64454,-2.26462,0) -- NDIST = 2
	BETA = 0.918805
	RESISTANCE = 8.55471 -- RADIUS = 0.50015 -- DELTA_P = 0.275958
	PARENT = 121 -- LEFT = 90 -- RIGHT = 36
Segment 90 (90,91) -- Source(-1.64454,-2.26462,0) - Destination(-2.01621,-2.00846,0) -- NDIST = 1
	BETA = 0.768952
	RESISTANCE = 4.13813 -- RADIUS = 0.384591 -- DELTA_P = 0.0899593
	PARENT = 89 -- LEFT = NIL -- RIGHT = NIL
Segment 91 (132,92) -- Source(-0.218712,-3.09117,0) - Destination(-0.0678194,-3.43163,0) -- NDIST = 5
	BETA = 0.971031
	RESISTANCE = 12.9491 -- RADIUS = 0.663209 -- DELTA_P = 0.653996
	PARENT = 131 -- LEFT = 195 -- RIGHT = 97
Segment 92 (196,93) -- Source(0.130936,-3.53362,0) - Destination(0.329691,-3.63561,0) -- NDIST = 1
	BETA = 0.782238
	RESISTANCE = 2.04795 -- RADIUS = 0.34721 -- DELTA_P = 0.0206863
	PARENT = 195 -- LEFT = NIL -- RIGHT = NIL
Segment 93 (50,94) -- Source(0.962736,-0.765491,0) - Destination(1.40184,-0.824484,0) -- NDIST = 8
	BETA = 0.859623
	RESISTANCE = 15.6412 -- RADIUS = 0.706982 -- DELTA_P = 1.30344
	PARENT = 49 -- LEFT = 177 -- RIGHT = 50
Segment 94 (156,95) -- Source(2.0239,-0.938177,0) - Destination(2.23126,-0.976075,0) -- NDIST = 1
	BETA = 0.588336
	RESISTANCE = 1.93238 -- RADIUS = 0.320079 -- DELTA_P = 0.0244605
	PARENT = 155 -- LEFT = NIL -- RIGHT = NIL
Segment 95 (76,96) -- Source(1.84208,-3.51582,0) - Destination(1.99309,-3.42112,0) -- NDIST = 2
	BETA = 0.755795
	RESISTANCE = 3.8619 -- RADIUS = 0.454783 -- DELTA_P = 0.157629
	PARENT = 75 -- LEFT = 96 -- RIGHT = 76
Segment 96 (96,97) -- Source(1.99309,-3.42112,0) - Destination(1.92664,-3.2242,0) -- NDIST = 1
	BETA = 0.808637
	RESISTANCE = 1.90521 -- RADIUS = 0.367754 -- DELTA_P = 0.0388818
	PARENT = 95 -- LEFT = NIL -- RIGHT = NIL
Segment 97 (92,98) -- Source(-0.0678194,-3.43163,0) - Destination(0.0830733,-3.77208,0) -- NDIST = 3
	BETA = 0.887995
	RESISTANCE = 9.8815 -- RADIUS = 0.588926 -- DELTA_P = 0.390059
	PARENT = 91 -- LEFT = 98 -- RIGHT = 149
Segment 98 (98,99) -- Source(0.0830733,-3.77208,0) - Destination(-0.454205,-3.64375,0) -- NDIST = 1
	BETA = 0.714753
	RESISTANCE = 5.06396 -- RADIUS = 0.420937 -- DELTA_P = 0.101279
	PARENT = 97 -- LEFT = NIL -- RIGHT = NIL
Segment 99 (178,100) -- Source(1.60919,-0.862382,0) - Destination(1.81655,-0.900279,0) -- NDIST = 6
	BETA = 0.975546
	RESISTANCE = 10.1846 -- RADIUS = 0.666923 -- DELTA_P = 0.63654
	PARENT = 177 -- LEFT = 117 -- RIGHT = 155
Segment 100 (118,101) -- Source(1.81339,-1.02612,0) - Destination(1.81024,-1.15196,0) -- NDIST = 1
	BETA = 0.536053
	RESISTANCE = 1.15398 -- RADIUS = 0.275406 -- DELTA_P = 0.019233
	PARENT = 117 -- LEFT = NIL -- RIGHT = NIL
Segment 101 (140,102) -- Source(0.44935,-2.32617,0) - Destination(0.604098,-2.45836,0) -- NDIST = 23
	BETA = 0.99405
	RESISTANCE = 31.4846 -- RADIUS = 1.09383 -- DELTA_P = 7.24145
	PARENT = 139 -- LEFT = 103 -- RIGHT = 7
Segment 102 (104,103) -- Source(0.690983,-2.65498,0) - Destination(0.777868,-2.85161,0) -- NDIST = 1
	BETA = 0.689675
	RESISTANCE = 1.97068 -- RADIUS = 0.278488 -- DELTA_P = 0.0371826
	PARENT = 103 -- LEFT = NIL -- RIGHT = NIL
Segment 103 (102,104) -- Source(0.604098,-2.45836,0) - Destination(0.690983,-2.65498,0) -- NDIST = 2
	BETA = 0.369159
	RESISTANCE = 6.32588 -- RADIUS = 0.403796 -- DELTA_P = 0.238713
	PARENT = 101 -- LEFT = 104 -- RIGHT = 102
Segment 104 (104,105) -- Source(0.690983,-2.65498,0) - Destination(0.606921,-3.20785,0) -- NDIST = 1
	BETA = 0.875885
	RESISTANCE = 5.12656 -- RADIUS = 0.353678 -- DELTA_P = 0.0967275
	PARENT = 103 -- LEFT = NIL -- RIGHT = NIL
Segment 105 (50,106) -- Source(0.962736,-0.765491,0) - Destination(1.019,-0.834907,0) -- NDIST = 6
	BETA = 0.714513
	RESISTANCE = 9.95449 -- RADIUS = 0.587639 -- DELTA_P = 0.878337
	PARENT = 49 -- LEFT = 111 -- RIGHT = 20
Segment 106 (112,107) -- Source(0.958101,-1.12599,0) - Destination(0.8972,-1.41707,0) -- NDIST = 1
	BETA = 0.51727
	RESISTANCE = 2.72622 -- RADIUS = 0.299574 -- DELTA_P = 0.0478284
	PARENT = 111 -- LEFT = NIL -- RIGHT = NIL
Segment 107 (30,108) -- Source(1.28174,-2.58538,0) - Destination(1.51345,-2.07284,0) -- NDIST = 3
	BETA = 0.796997
	RESISTANCE = 10.8318 -- RADIUS = 0.565497 -- DELTA_P = 0.324955
	PARENT = 29 -- LEFT = 197 -- RIGHT = 30
Segment 108 (198,109) -- Source(1.65462,-2.00284,0) - Destination(1.79578,-1.93285,0) -- NDIST = 1
	BETA = 0.713617
	RESISTANCE = 1.44443 -- RADIUS = 0.338799 -- DELTA_P = 0.0144443
	PARENT = 197 -- LEFT = NIL -- RIGHT = NIL
Segment 109 (38,110) -- Source(-1.28522,-3.06468,0) - Destination(-1.25653,-3.38371,0) -- NDIST = 6
	BETA = 0.907447
	RESISTANCE = 18.4041 -- RADIUS = 0.773705 -- DELTA_P = 1.97187
	PARENT = 37 -- LEFT = 110 -- RIGHT = 55
Segment 110 (110,111) -- Source(-1.25653,-3.38371,0) - Destination(-0.736906,-3.43563,0) -- NDIST = 1
	BETA = 0.476571
	RESISTANCE = 4.78724 -- RADIUS = 0.368725 -- DELTA_P = 0.0854865
	PARENT = 109 -- LEFT = NIL -- RIGHT = NIL
Segment 111 (106,112) -- Source(1.019,-0.834907,0) - Destination(0.958101,-1.12599,0) -- NDIST = 5
	BETA = 0.985544
	RESISTANCE = 10.3421 -- RADIUS = 0.579145 -- DELTA_P = 0.76045
	PARENT = 105 -- LEFT = 133 -- RIGHT = 106
Segment 112 (126,113) -- Source(0.858173,-1.56675,0) - Destination(0.824863,-1.71367,0) -- NDIST = 1
	BETA = 0.731438
	RESISTANCE = 1.38105 -- RADIUS = 0.315478 -- DELTA_P = 0.0215789
	PARENT = 125 -- LEFT = NIL -- RIGHT = NIL
Segment 113 (52,114) -- Source(1.30062,-3.71083,0) - Destination(1.33841,-3.91042,0) -- NDIST = 4
	BETA = 0.715538
	RESISTANCE = 8.17016 -- RADIUS = 0.625432 -- DELTA_P = 0.351405
	PARENT = 51 -- LEFT = 169 -- RIGHT = 52
Segment 114 (170,115) -- Source(1.535,-4.04207,0) - Destination(1.7316,-4.17372,0) -- NDIST = 1
	BETA = 0.626526
	RESISTANCE = 2.16904 -- RADIUS = 0.372405 -- DELTA_P = 0.0252214
	PARENT = 169 -- LEFT = NIL -- RIGHT = NIL
Segment 115 (74,116) -- Source(-1.82783,-0.808308,0) - Destination(-1.74871,-0.912974,0) -- NDIST = 2
	BETA = 0.808252
	RESISTANCE = 3.50501 -- RADIUS = 0.474908 -- DELTA_P = 0.118814
	PARENT = 73 -- LEFT = 116 -- RIGHT = 74
Segment 116 (116,117) -- Source(-1.74871,-0.912974,0) - Destination(-1.79205,-1.18343,0) -- NDIST = 1
	BETA = 0.859345
	RESISTANCE = 2.51099 -- RADIUS = 0.40811 -- DELTA_P = 0.0425592
	PARENT = 115 -- LEFT = NIL -- RIGHT = NIL
Segment 117 (100,118) -- Source(1.81655,-0.900279,0) - Destination(1.81339,-1.02612,0) -- NDIST = 3
	BETA = 0.770353
	RESISTANCE = 5.81249 -- RADIUS = 0.513766 -- DELTA_P = 0.18164
	PARENT = 99 -- LEFT = 189 -- RIGHT = 100
Segment 118 (190,119) -- Source(1.88129,-1.23875,0) - Destination(1.94919,-1.45139,0) -- NDIST = 1
	BETA = 0.732981
	RESISTANCE = 2.04626 -- RADIUS = 0.356158 -- DELTA_P = 0.0213152
	PARENT = 189 -- LEFT = NIL -- RIGHT = NIL
Segment 119 (72,120) -- Source(-1.2595,-1.19864,0) - Destination(-1.49896,-1.40789,0) -- NDIST = 3
	BETA = 0.919877
	RESISTANCE = 8.66006 -- RADIUS = 0.495777 -- DELTA_P = 0.376524
	PARENT = 71 -- LEFT = 120 -- RIGHT = 135
Segment 120 (120,121) -- Source(-1.49896,-1.40789,0) - Destination(-1.53538,-1.79308,0) -- NDIST = 1
	BETA = 0.673541
	RESISTANCE = 3.54694 -- RADIUS = 0.333926 -- DELTA_P = 0.0581465
	PARENT = 119 -- LEFT = NIL -- RIGHT = NIL
Segment 121 (36,122) -- Source(-1.0757,-2.35018,0) - Destination(-1.36012,-2.3074,0) -- NDIST = 3
	BETA = 0.958713
	RESISTANCE = 10.6391 -- RADIUS = 0.544348 -- DELTA_P = 0.514793
	PARENT = 35 -- LEFT = 122 -- RIGHT = 89
Segment 122 (122,123) -- Source(-1.36012,-2.3074,0) - Destination(-1.39441,-1.95207,0) -- NDIST = 1
	BETA = 0.607626
	RESISTANCE = 3.27256 -- RADIUS = 0.33076 -- DELTA_P = 0.0527832
	PARENT = 121 -- LEFT = NIL -- RIGHT = NIL
Segment 123 (134,124) -- Source(0.924792,-1.27291,0) - Destination(0.891482,-1.41983,0) -- NDIST = 3
	BETA = 0.932696
	RESISTANCE = 6.48182 -- RADIUS = 0.513998 -- DELTA_P = 0.285963
	PARENT = 133 -- LEFT = 124 -- RIGHT = 125
Segment 124 (124,125) -- Source(0.891482,-1.41983,0) - Destination(0.425055,-1.61854,0) -- NDIST = 1
	BETA = 0.742372
	RESISTANCE = 4.64776 -- RADIUS = 0.381578 -- DELTA_P = 0.0737739
	PARENT = 123 -- LEFT = NIL -- RIGHT = NIL
Segment 125 (124,126) -- Source(0.891482,-1.41983,0) - Destination(0.858173,-1.56675,0) -- NDIST = 2
	BETA = 0.839131
	RESISTANCE = 3.79356 -- RADIUS = 0.431312 -- DELTA_P = 0.118549
	PARENT = 123 -- LEFT = 126 -- RIGHT = 112
Segment 126 (126,127) -- Source(0.858173,-1.56675,0) - Destination(1.11701,-1.64871,0) -- NDIST = 1
	BETA = 0.84748
	RESISTANCE = 2.48896 -- RADIUS = 0.365529 -- DELTA_P = 0.0388901
	PARENT = 125 -- LEFT = NIL -- RIGHT = NIL
Segment 127 (30,128) -- Source(1.28174,-2.58538,0) - Destination(1.46581,-2.5167,0) -- NDIST = 4
	BETA = 0.790376
	RESISTANCE = 7.85727 -- RADIUS = 0.560799 -- DELTA_P = 0.345374
	PARENT = 29 -- LEFT = 171 -- RIGHT = 8
Segment 128 (172,129) -- Source(1.7536,-2.57459,0) - Destination(2.04139,-2.63248,0) -- NDIST = 1
	BETA = 0.693039
	RESISTANCE = 2.69111 -- RADIUS = 0.369258 -- DELTA_P = 0.0309324
	PARENT = 171 -- LEFT = NIL -- RIGHT = NIL
Segment 129 (26,130) -- Source(-0.369605,-2.75071,0) - Destination(-0.37714,-2.93162,0) -- NDIST = 2
	BETA = 0.519604
	RESISTANCE = 4.5446 -- RADIUS = 0.380764 -- DELTA_P = 0.137715
	PARENT = 25 -- LEFT = 130 -- RIGHT = 2
Segment 130 (130,131) -- Source(-0.37714,-2.93162,0) - Destination(-0.66921,-3.07088,0) -- NDIST = 1
	BETA = 0.846778
	RESISTANCE = 2.96627 -- RADIUS = 0.322422 -- DELTA_P = 0.0449435
	PARENT = 129 -- LEFT = NIL -- RIGHT = NIL
Segment 131 (194,132) -- Source(-0.294159,-2.92094,0) - Destination(-0.218712,-3.09117,0) -- NDIST = 6
	BETA = 0.980204
	RESISTANCE = 13.8444 -- RADIUS = 0.682994 -- DELTA_P = 0.839052
	PARENT = 193 -- LEFT = 132 -- RIGHT = 91
Segment 132 (132,133) -- Source(-0.218712,-3.09117,0) - Destination(0.0560599,-2.98615,0) -- NDIST = 1
	BETA = 0.438668
	RESISTANCE = 2.69664 -- RADIUS = 0.299608 -- DELTA_P = 0.0402484
	PARENT = 131 -- LEFT = NIL -- RIGHT = NIL
Segment 133 (112,134) -- Source(0.958101,-1.12599,0) - Destination(0.924792,-1.27291,0) -- NDIST = 4
	BETA = 0.951556
	RESISTANCE = 7.80493 -- RADIUS = 0.551089 -- DELTA_P = 0.459113
	PARENT = 111 -- LEFT = 134 -- RIGHT = 123
Segment 134 (134,135) -- Source(0.924792,-1.27291,0) - Destination(0.66951,-1.10929,0) -- NDIST = 1
	BETA = 0.573501
	RESISTANCE = 2.77968 -- RADIUS = 0.31605 -- DELTA_P = 0.0408776
	PARENT = 133 -- LEFT = NIL -- RIGHT = NIL
Segment 135 (120,136) -- Source(-1.49896,-1.40789,0) - Destination(-1.6187,-1.51251,0) -- NDIST = 2
	BETA = 0.885548
	RESISTANCE = 5.29927 -- RADIUS = 0.439035 -- DELTA_P = 0.153602
	PARENT = 119 -- LEFT = 136 -- RIGHT = 72
Segment 136 (136,137) -- Source(-1.6187,-1.51251,0) - Destination(-2.1515,-1.53771,0) -- NDIST = 1
	BETA = 0.893176
	RESISTANCE = 4.88984 -- RADIUS = 0.392135 -- DELTA_P = 0.0708673
	PARENT = 135 -- LEFT = NIL -- RIGHT = NIL
Segment 137 (12,138) -- Source(-0.294249,-0.941629,0) - Destination(-0.570034,-1.01506,0) -- NDIST = 21
	BETA = 0.592859
	RESISTANCE = 23.3092 -- RADIUS = 0.897038 -- DELTA_P = 5.04633
	PARENT = 11 -- LEFT = 138 -- RIGHT = 159
Segment 138 (138,139) -- Source(-0.570034,-1.01506,0) - Destination(-0.610007,-1.28918,0) -- NDIST = 1
	BETA = 0.276488
	RESISTANCE = 2.53951 -- RADIUS = 0.248021 -- DELTA_P = 0.0362787
	PARENT = 137 -- LEFT = NIL -- RIGHT = NIL
Segment 139 (10,140) -- Source(0.294601,-2.19399,0) - Destination(0.44935,-2.32617,0) -- NDIST = 24
	BETA = 0.984519
	RESISTANCE = 32.7673 -- RADIUS = 1.10037 -- DELTA_P = 7.86415
	PARENT = 9 -- LEFT = 140 -- RIGHT = 101
Segment 140 (140,141) -- Source(0.44935,-2.32617,0) - Destination(0.784752,-2.15982,0) -- NDIST = 1
	BETA = 0.260822
	RESISTANCE = 3.43216 -- RADIUS = 0.287001 -- DELTA_P = 0.0483403
	PARENT = 139 -- LEFT = NIL -- RIGHT = NIL
Segment 141 (6,142) -- Source(-0.132053,-0.108998,0) - Destination(0.24654,-0.228996,0) -- NDIST = 21
	BETA = 0.559796
	RESISTANCE = 28.1658 -- RADIUS = 0.906187 -- DELTA_P = 6.16127
	PARENT = 5 -- LEFT = 142 -- RIGHT = 19
Segment 142 (142,143) -- Source(0.24654,-0.228996,0) - Destination(0.116255,-0.384853,0) -- NDIST = 1
	BETA = 0.245218
	RESISTANCE = 1.86224 -- RADIUS = 0.222213 -- DELTA_P = 0.0258645
	PARENT = 141 -- LEFT = NIL -- RIGHT = NIL
Segment 143 (22,144) -- Source(-1.541,-0.487498,0) - Destination(-1.64302,-0.38801,0) -- NDIST = 3
	BETA = 0.700085
	RESISTANCE = 5.71006 -- RADIUS = 0.502474 -- DELTA_P = 0.23466
	PARENT = 21 -- LEFT = 144 -- RIGHT = 61
Segment 144 (144,145) -- Source(-1.64302,-0.38801,0) - Destination(-1.55239,-0.1471,0) -- NDIST = 1
	BETA = 0.650093
	RESISTANCE = 2.35961 -- RADIUS = 0.326655 -- DELTA_P = 0.0323234
	PARENT = 143 -- LEFT = NIL -- RIGHT = NIL
Segment 145 (72,146) -- Source(-1.2595,-1.19864,0) - Destination(-1.32844,-1.217,0) -- NDIST = 2
	BETA = 0.605164
	RESISTANCE = 2.43325 -- RADIUS = 0.326159 -- DELTA_P = 0.0657635
	PARENT = 71 -- LEFT = 146 -- RIGHT = 12
Segment 146 (146,147) -- Source(-1.32844,-1.217,0) - Destination(-1.4391,-0.99266,0) -- NDIST = 1
	BETA = 0.895979
	RESISTANCE = 2.29319 -- RADIUS = 0.292232 -- DELTA_P = 0.030989
	PARENT = 145 -- LEFT = NIL -- RIGHT = NIL
Segment 147 (86,148) -- Source(0.822946,-3.98678,0) - Destination(0.827351,-3.80413,0) -- NDIST = 2
	BETA = 0.92427
	RESISTANCE = 5.05576 -- RADIUS = 0.586031 -- DELTA_P = 0.13482
	PARENT = 85 -- LEFT = 148 -- RIGHT = 86
Segment 148 (148,149) -- Source(0.827351,-3.80413,0) - Destination(0.709937,-3.40677,0) -- NDIST = 1
	BETA = 0.865739
	RESISTANCE = 3.79839 -- RADIUS = 0.50735 -- DELTA_P = 0.0506452
	PARENT = 147 -- LEFT = NIL -- RIGHT = NIL
Segment 149 (98,150) -- Source(0.0830733,-3.77208,0) - Destination(0.15852,-3.94231,0) -- NDIST = 2
	BETA = 0.859457
	RESISTANCE = 5.29338 -- RADIUS = 0.506157 -- DELTA_P = 0.139299
	PARENT = 97 -- LEFT = 150 -- RIGHT = 26
Segment 150 (150,151) -- Source(0.15852,-3.94231,0) - Destination(-0.0286978,-4.35038,0) -- NDIST = 1
	BETA = 0.870343
	RESISTANCE = 4.11581 -- RADIUS = 0.44053 -- DELTA_P = 0.0541554
	PARENT = 149 -- LEFT = NIL -- RIGHT = NIL
Segment 151 (12,152) -- Source(-0.294249,-0.941629,0) - Destination(-0.301785,-1.12254,0) -- NDIST = 56
	BETA = 0.925066
	RESISTANCE = 51.8137 -- RADIUS = 1.39969 -- DELTA_P = 29.0157
	PARENT = 11 -- LEFT = 152 -- RIGHT = 83
Segment 152 (152,153) -- Source(-0.301785,-1.12254,0) - Destination(-0.0783042,-0.965199,0) -- NDIST = 1
	BETA = 0.172823
	RESISTANCE = 2.50553 -- RADIUS = 0.241899 -- DELTA_P = 0.0325394
	PARENT = 151 -- LEFT = NIL -- RIGHT = NIL
Segment 153 (162,154) -- Source(-1.03237,-2.6659,0) - Destination(-1.11665,-2.79883,0) -- NDIST = 10
	BETA = 0.987234
	RESISTANCE = 21.2269 -- RADIUS = 0.862623 -- DELTA_P = 2.58864
	PARENT = 161 -- LEFT = 154 -- RIGHT = 37
Segment 154 (154,155) -- Source(-1.11665,-2.79883,0) - Destination(-1.35049,-2.73892,0) -- NDIST = 1
	BETA = 0.325209
	RESISTANCE = 2.2129 -- RADIUS = 0.280532 -- DELTA_P = 0.0283705
	PARENT = 153 -- LEFT = NIL -- RIGHT = NIL
Segment 155 (100,156) -- Source(1.81655,-0.900279,0) - Destination(2.0239,-0.938177,0) -- NDIST = 3
	BETA = 0.81575
	RESISTANCE = 7.30853 -- RADIUS = 0.544042 -- DELTA_P = 0.238322
	PARENT = 99 -- LEFT = 181 -- RIGHT = 94
Segment 156 (182,157) -- Source(2.01067,-0.742618,0) - Destination(1.99744,-0.547058,0) -- NDIST = 1
	BETA = 0.681883
	RESISTANCE = 1.79686 -- RADIUS = 0.343857 -- DELTA_P = 0.0195311
	PARENT = 181 -- LEFT = NIL -- RIGHT = NIL
Segment 157 (46,158) -- Source(0.850202,-0.626658,0) - Destination(0.63505,-0.716654,0) -- NDIST = 2
	BETA = 0.429982
	RESISTANCE = 4.81164 -- RADIUS = 0.363531 -- DELTA_P = 0.120291
	PARENT = 45 -- LEFT = 158 -- RIGHT = 46
Segment 158 (158,159) -- Source(0.63505,-0.716654,0) - Destination(0.449415,-0.58127,0) -- NDIST = 1
	BETA = 0.792217
	RESISTANCE = 2.10628 -- RADIUS = 0.287996 -- DELTA_P = 0.0263284
	PARENT = 157 -- LEFT = NIL -- RIGHT = NIL
Segment 159 (138,160) -- Source(-0.570034,-1.01506,0) - Destination(-0.707927,-1.05178,0) -- NDIST = 20
	BETA = 0.992904
	RESISTANCE = 21.1174 -- RADIUS = 0.890673 -- DELTA_P = 4.35411
	PARENT = 137 -- LEFT = 160 -- RIGHT = 13
Segment 160 (160,161) -- Source(-0.707927,-1.05178,0) - Destination(-0.683719,-0.825657,0) -- NDIST = 1
	BETA = 0.269333
	RESISTANCE = 2.08477 -- RADIUS = 0.239888 -- DELTA_P = 0.0257379
	PARENT = 159 -- LEFT = NIL -- RIGHT = NIL
Segment 161 (34,162) -- Source(-0.948086,-2.53297,0) - Destination(-1.03237,-2.6659,0) -- NDIST = 11
	BETA = 0.991393
	RESISTANCE = 21.7577 -- RADIUS = 0.873777 -- DELTA_P = 2.91872
	PARENT = 33 -- LEFT = 162 -- RIGHT = 153
Segment 162 (162,163) -- Source(-1.03237,-2.6659,0) - Destination(-0.886542,-2.93873,0) -- NDIST = 1
	BETA = 0.335641
	RESISTANCE = 2.83598 -- RADIUS = 0.293275 -- DELTA_P = 0.0345852
	PARENT = 161 -- LEFT = NIL -- RIGHT = NIL
Segment 163 (176,164) -- Source(-1.13573,-0.816331,0) - Destination(-1.13855,-0.747212,0) -- NDIST = 3
	BETA = 0.937601
	RESISTANCE = 5.06023 -- RADIUS = 0.447809 -- DELTA_P = 0.161497
	PARENT = 175 -- LEFT = 185 -- RIGHT = 16
Segment 164 (186,165) -- Source(-1.05162,-0.545232,0) - Destination(-0.964688,-0.343252,0) -- NDIST = 1
	BETA = 0.752246
	RESISTANCE = 2.01583 -- RADIUS = 0.316345 -- DELTA_P = 0.021445
	PARENT = 185 -- LEFT = NIL -- RIGHT = NIL
Segment 165 (84,166) -- Source(-0.30932,-1.30345,0) - Destination(-0.316856,-1.48435,0) -- NDIST = 54
	BETA = 0.998407
	RESISTANCE = 49.6456 -- RADIUS = 1.39505 -- DELTA_P = 26.8086
	PARENT = 83 -- LEFT = 166 -- RIGHT = 3
Segment 166 (166,167) -- Source(-0.316856,-1.48435,0) - Destination(-0.0985619,-1.61044,0) -- NDIST = 1
	BETA = 0.172812
	RESISTANCE = 2.311 -- RADIUS = 0.241082 -- DELTA_P = 0.0275119
	PARENT = 165 -- LEFT = NIL -- RIGHT = NIL
Segment 167 (76,168) -- Source(1.84208,-3.51582,0) - Destination(1.99683,-3.648,0) -- NDIST = 2
	BETA = 0.828295
	RESISTANCE = 5.57088 -- RADIUS = 0.498407 -- DELTA_P = 0.13108
	PARENT = 75 -- LEFT = 168 -- RIGHT = 4
Segment 168 (168,169) -- Source(1.99683,-3.648,0) - Destination(2.02243,-4.09735,0) -- NDIST = 1
	BETA = 0.863821
	RESISTANCE = 4.12604 -- RADIUS = 0.430535 -- DELTA_P = 0.0485416
	PARENT = 167 -- LEFT = NIL -- RIGHT = NIL
Segment 169 (114,170) -- Source(1.33841,-3.91042,0) - Destination(1.535,-4.04207,0) -- NDIST = 3
	BETA = 0.950378
	RESISTANCE = 6.86139 -- RADIUS = 0.594397 -- DELTA_P = 0.221335
	PARENT = 113 -- LEFT = 183 -- RIGHT = 114
Segment 170 (184,171) -- Source(1.66946,-4.22042,0) - Destination(1.80391,-4.39877,0) -- NDIST = 1
	BETA = 0.77877
	RESISTANCE = 2.04755 -- RADIUS = 0.42133 -- DELTA_P = 0.0220167
	PARENT = 183 -- LEFT = NIL -- RIGHT = NIL
Segment 171 (128,172) -- Source(1.46581,-2.5167,0) - Destination(1.7536,-2.57459,0) -- NDIST = 3
	BETA = 0.95009
	RESISTANCE = 6.5796 -- RADIUS = 0.53281 -- DELTA_P = 0.21691
	PARENT = 127 -- LEFT = 179 -- RIGHT = 128
Segment 172 (180,173) -- Source(1.7902,-2.67835,0) - Destination(1.8268,-2.7821,0) -- NDIST = 1
	BETA = 0.67765
	RESISTANCE = 1.00859 -- RADIUS = 0.315487 -- DELTA_P = 0.0110835
	PARENT = 179 -- LEFT = NIL -- RIGHT = NIL
Segment 173 (10,174) -- Source(0.294601,-2.19399,0) - Destination(0.283717,-2.53819,0) -- NDIST = 2
	BETA = 0.357598
	RESISTANCE = 6.84397 -- RADIUS = 0.399679 -- DELTA_P = 0.155545
	PARENT = 9 -- LEFT = 174 -- RIGHT = 10
Segment 174 (174,175) -- Source(0.283717,-2.53819,0) - Destination(-0.00830061,-2.57684,0) -- NDIST = 1
	BETA = 0.777909
	RESISTANCE = 2.70037 -- RADIUS = 0.310914 -- DELTA_P = 0.0306861
	PARENT = 173 -- LEFT = NIL -- RIGHT = NIL
Segment 175 (18,176) -- Source(-1.1329,-0.88545,0) - Destination(-1.13573,-0.816331,0) -- NDIST = 4
	BETA = 0.610556
	RESISTANCE = 5.54504 -- RADIUS = 0.477611 -- DELTA_P = 0.235959
	PARENT = 17 -- LEFT = 176 -- RIGHT = 163
Segment 176 (176,177) -- Source(-1.13573,-0.816331,0) - Destination(-0.924965,-0.825455,0) -- NDIST = 1
	BETA = 0.560152
	RESISTANCE = 1.93393 -- RADIUS = 0.267535 -- DELTA_P = 0.0217296
	PARENT = 175 -- LEFT = NIL -- RIGHT = NIL
Segment 177 (94,178) -- Source(1.40184,-0.824484,0) - Destination(1.60919,-0.862382,0) -- NDIST = 7
	BETA = 0.966984
	RESISTANCE = 11.5708 -- RADIUS = 0.68364 -- DELTA_P = 0.843707
	PARENT = 93 -- LEFT = 178 -- RIGHT = 99
Segment 178 (178,179) -- Source(1.60919,-0.862382,0) - Destination(1.49031,-1.046,0) -- NDIST = 1
	BETA = 0.415211
	RESISTANCE = 2.0053 -- RADIUS = 0.283855 -- DELTA_P = 0.0222811
	PARENT = 177 -- LEFT = NIL -- RIGHT = NIL
Segment 179 (172,180) -- Source(1.7536,-2.57459,0) - Destination(1.7902,-2.67835,0) -- NDIST = 2
	BETA = 0.873783
	RESISTANCE = 3.40007 -- RADIUS = 0.46556 -- DELTA_P = 0.0747268
	PARENT = 171 -- LEFT = 180 -- RIGHT = 172
Segment 180 (180,181) -- Source(1.7902,-2.67835,0) - Destination(1.6682,-2.97135,0) -- NDIST = 1
	BETA = 0.88315
	RESISTANCE = 2.9096 -- RADIUS = 0.41116 -- DELTA_P = 0.0319737
	PARENT = 179 -- LEFT = NIL -- RIGHT = NIL
Segment 181 (156,182) -- Source(2.0239,-0.938177,0) - Destination(2.01067,-0.742618,0) -- NDIST = 2
	BETA = 0.926905
	RESISTANCE = 5.95256 -- RADIUS = 0.504276 -- DELTA_P = 0.129404
	PARENT = 155 -- LEFT = 182 -- RIGHT = 156
Segment 182 (182,183) -- Source(2.01067,-0.742618,0) - Destination(2.22622,-0.241753,0) -- NDIST = 1
	BETA = 0.880635
	RESISTANCE = 4.99872 -- RADIUS = 0.444083 -- DELTA_P = 0.054334
	PARENT = 181 -- LEFT = NIL -- RIGHT = NIL
Segment 183 (170,184) -- Source(1.535,-4.04207,0) - Destination(1.66946,-4.22042,0) -- NDIST = 2
	BETA = 0.9102
	RESISTANCE = 4.83091 -- RADIUS = 0.54102 -- DELTA_P = 0.10389
	PARENT = 169 -- LEFT = 184 -- RIGHT = 170
Segment 184 (184,185) -- Source(1.66946,-4.22042,0) - Destination(1.43522,-4.33079,0) -- NDIST = 1
	BETA = 0.80809
	RESISTANCE = 2.37376 -- RADIUS = 0.437193 -- DELTA_P = 0.0255243
	PARENT = 183 -- LEFT = NIL -- RIGHT = NIL
Segment 185 (164,186) -- Source(-1.13855,-0.747212,0) - Destination(-1.05162,-0.545232,0) -- NDIST = 2
	BETA = 0.939093
	RESISTANCE = 5.16347 -- RADIUS = 0.420534 -- DELTA_P = 0.109861
	PARENT = 163 -- LEFT = 186 -- RIGHT = 164
Segment 186 (186,187) -- Source(-1.05162,-0.545232,0) - Destination(-0.754066,-0.407629,0) -- NDIST = 1
	BETA = 0.831226
	RESISTANCE = 3.00533 -- RADIUS = 0.349558 -- DELTA_P = 0.0319716
	PARENT = 185 -- LEFT = NIL -- RIGHT = NIL
Segment 187 (58,188) -- Source(0.942408,-4.13344,0) - Destination(0.821291,-4.22991,0) -- NDIST = 2
	BETA = 0.693601
	RESISTANCE = 3.78938 -- RADIUS = 0.503505 -- DELTA_P = 0.0797765
	PARENT = 57 -- LEFT = 188 -- RIGHT = 54
Segment 188 (188,189) -- Source(0.821291,-4.22991,0) - Destination(0.582465,-4.13007,0) -- NDIST = 1
	BETA = 0.841167
	RESISTANCE = 2.37299 -- RADIUS = 0.423532 -- DELTA_P = 0.0249789
	PARENT = 187 -- LEFT = NIL -- RIGHT = NIL
Segment 189 (118,190) -- Source(1.81339,-1.02612,0) - Destination(1.88129,-1.23875,0) -- NDIST = 2
	BETA = 0.945766
	RESISTANCE = 5.5908 -- RADIUS = 0.485903 -- DELTA_P = 0.116475
	PARENT = 117 -- LEFT = 190 -- RIGHT = 118
Segment 190 (190,191) -- Source(1.88129,-1.23875,0) - Destination(2.16829,-1.51267,0) -- NDIST = 1
	BETA = 0.846327
	RESISTANCE = 3.63698 -- RADIUS = 0.411232 -- DELTA_P = 0.0378852
	PARENT = 189 -- LEFT = NIL -- RIGHT = NIL
Segment 191 (74,192) -- Source(-1.82783,-0.808308,0) - Destination(-1.87563,-0.861777,0) -- NDIST = 2
	BETA = 0.778595
	RESISTANCE = 3.01822 -- RADIUS = 0.457483 -- DELTA_P = 0.0622313
	PARENT = 73 -- LEFT = 192 -- RIGHT = 22
Segment 192 (192,193) -- Source(-1.87563,-0.861777,0) - Destination(-2.16317,-1.08622,0) -- NDIST = 1
	BETA = 0.917371
	RESISTANCE = 3.34389 -- RADIUS = 0.419682 -- DELTA_P = 0.0344731
	PARENT = 191 -- LEFT = NIL -- RIGHT = NIL
Segment 193 (26,194) -- Source(-0.369605,-2.75071,0) - Destination(-0.294159,-2.92094,0) -- NDIST = 7
	BETA = 0.950863
	RESISTANCE = 14.5616 -- RADIUS = 0.696788 -- DELTA_P = 1.02961
	PARENT = 25 -- LEFT = 194 -- RIGHT = 131
Segment 194 (194,195) -- Source(-0.294159,-2.92094,0) - Destination(-0.101083,-2.8124,0) -- NDIST = 1
	BETA = 0.38758
	RESISTANCE = 2.0305 -- RADIUS = 0.270061 -- DELTA_P = 0.0207194
	PARENT = 193 -- LEFT = NIL -- RIGHT = NIL
Segment 195 (92,196) -- Source(-0.0678194,-3.43163,0) - Destination(0.130936,-3.53362,0) -- NDIST = 2
	BETA = 0.669272
	RESISTANCE = 4.7828 -- RADIUS = 0.443867 -- DELTA_P = 0.0966222
	PARENT = 91 -- LEFT = 196 -- RIGHT = 92
Segment 196 (196,197) -- Source(0.130936,-3.53362,0) - Destination(0.327891,-3.37906,0) -- NDIST = 1
	BETA = 0.804842
	RESISTANCE = 2.29512 -- RADIUS = 0.357243 -- DELTA_P = 0.0231831
	PARENT = 195 -- LEFT = NIL -- RIGHT = NIL
Segment 197 (108,198) -- Source(1.51345,-2.07284,0) - Destination(1.65462,-2.00284,0) -- NDIST = 2
	BETA = 0.839549
	RESISTANCE = 4.22931 -- RADIUS = 0.474762 -- DELTA_P = 0.0845862
	PARENT = 107 -- LEFT = 198 -- RIGHT = 108
Segment 198 (198,199) -- Source(1.65462,-2.00284,0) - Destination(1.98705,-2.01656,0) -- NDIST = 1
	BETA = 0.860241
	RESISTANCE = 3.05012 -- RADIUS = 0.40841 -- DELTA_P = 0.0305012
	PARENT = 197 -- LEFT = NIL -- RIGHT = NIL
========================================================================================================
[!] Checking bifurcation rule!
3.49781 = 3.48287 + 0.0149321 --> 3.49781 = 3.49781
2.70101 = 1.3962 + 1.30481 --> 2.70101 = 2.70101
4.24194 = 0.744139 + 3.49781 --> 4.24194 = 4.24194
1.24287 = 0.357207 + 0.885665 --> 1.24287 = 1.24287
1.3962 = 0.063846 + 1.33235 --> 1.3962 = 1.3962
3.46402 = 0.721827 + 2.74219 --> 3.46402 = 3.46402
0.692766 = 0.057527 + 0.635239 --> 0.692766 = 0.692766
0.635239 = 0.478682 + 0.156556 --> 0.635239 = 0.635239
0.478682 = 0.369733 + 0.108949 --> 0.478682 = 0.478682
0.733167 = 0.604333 + 0.128834 --> 0.733167 = 0.733167
0.369733 = 0.242869 + 0.126865 --> 0.369733 = 0.369733
1.28399 = 0.890482 + 0.393504 --> 1.28399 = 1.28399
0.393504 = 0.3383 + 0.0552034 --> 0.393504 = 0.393504
0.890482 = 0.707435 + 0.183047 --> 0.890482 = 0.890482
0.357207 = 0.180839 + 0.176369 --> 0.357207 = 0.357207
0.885665 = 0.667794 + 0.217871 --> 0.885665 = 0.885665
0.684645 = 0.667118 + 0.0175272 --> 0.684645 = 0.684645
0.183047 = 0.161298 + 0.0217494 --> 0.183047 = 0.183047
0.619816 = 0.463155 + 0.156661 --> 0.619816 = 0.619816
0.156661 = 0.115888 + 0.0407725 --> 0.156661 = 0.156661
0.242869 = 0.040012 + 0.202857 --> 0.242869 = 0.242869
0.057527 = 0.0358419 + 0.0216851 --> 0.057527 = 0.057527
0.604333 = 0.0480425 + 0.55629 --> 0.604333 = 0.604333
0.115888 = 0.0734483 + 0.0424396 --> 0.115888 = 0.115888
0.55629 = 0.353367 + 0.202924 --> 0.55629 = 0.55629
0.667794 = 0.244647 + 0.423146 --> 0.667794 = 0.667794
0.423146 = 0.382545 + 0.0406018 --> 0.423146 = 0.423146
0.413024 = 0.151863 + 0.261161 --> 0.413024 = 0.413024
0.382545 = 0.254897 + 0.127647 --> 0.382545 = 0.382545
0.110727 = 0.0832445 + 0.0274827 --> 0.110727 = 0.110727
0.0920097 = 0.042662 + 0.0493476 --> 0.0920097 = 0.0920097
0.128834 = 0.0181065 + 0.110727 --> 0.128834 = 0.128834
0.261161 = 0.210939 + 0.0502219 --> 0.261161 = 0.261161
3.48287 = 0.0188564 + 3.46402 --> 3.48287 = 3.48287
0.0832445 = 0.0583139 + 0.0249306 --> 0.0832445 = 0.0832445
0.156556 = 0.121859 + 0.0346968 --> 0.156556 = 0.156556
0.202857 = 0.10711 + 0.0957469 --> 0.202857 = 0.202857
0.217871 = 0.0940614 + 0.123809 --> 0.217871 = 0.217871
0.151863 = 0.0773155 + 0.0745474 --> 0.151863 = 0.151863
0.707435 = 0.0227902 + 0.684645 --> 0.707435 = 0.707435
1.30481 = 0.0208245 + 1.28399 --> 1.30481 = 1.30481
2.72803 = 0.013015 + 2.71502 --> 2.72803 = 2.72803
0.254897 = 0.201262 + 0.053635 --> 0.254897 = 0.254897
0.210939 = 0.0850016 + 0.125937 --> 0.210939 = 0.210939
0.125112 = 0.0568849 + 0.0682273 --> 0.125112 = 0.125112
0.29171 = 0.0874498 + 0.20426 --> 0.29171 = 0.29171
0.353367 = 0.319509 + 0.0338576 --> 0.353367 = 0.353367
0.0940614 = 0.0497361 + 0.0443253 --> 0.0940614 = 0.0940614
0.20426 = 0.0745849 + 0.129675 --> 0.20426 = 0.20426
0.296638 = 0.135611 + 0.161027 --> 0.296638 = 0.296638
1.30871 = 0.0658393 + 1.24287 --> 1.30871 = 1.30871
0.0658393 = 0.0442411 + 0.0215982 --> 0.0658393 = 0.0658393
0.202924 = 0.19425 + 0.00867367 --> 0.202924 = 0.202924
0.180839 = 0.107011 + 0.0738275 --> 0.180839 = 0.180839
0.463155 = 0.0501313 + 0.413024 --> 0.463155 = 0.463155
0.19425 = 0.167365 + 0.0268852 --> 0.19425 = 0.19425
0.244647 = 0.210005 + 0.0346421 --> 0.244647 = 0.244647
0.10711 = 0.0679722 + 0.0391375 --> 0.10711 = 0.10711
0.135611 = 0.114722 + 0.0208891 --> 0.135611 = 0.135611
0.121859 = 0.037235 + 0.0846245 --> 0.121859 = 0.121859
0.161298 = 0.0361859 + 0.125112 --> 0.161298 = 0.161298
0.135795 = 0.0555583 + 0.080237 --> 0.135795 = 0.135795
0.080237 = 0.0488387 + 0.0313983 --> 0.080237 = 0.080237
0.176369 = 0.151257 + 0.0251114 --> 0.176369 = 0.176369
0.0552034 = 0.0335177 + 0.0216857 --> 0.0552034 = 0.0552034
0.318604 = 0.0268943 + 0.29171 --> 0.318604 = 0.318604
0.167365 = 0.0315695 + 0.135795 --> 0.167365 = 0.167365
0.0846245 = 0.0602985 + 0.024326 --> 0.0846245 = 0.0846245
0.721827 = 0.0152568 + 0.70657 --> 0.721827 = 0.721827
1.33235 = 0.0236402 + 1.30871 --> 1.33235 = 1.33235
0.744139 = 0.0109726 + 0.733167 --> 0.744139 = 0.744139
0.126865 = 0.0348551 + 0.0920097 --> 0.126865 = 0.126865
0.0346968 = 0.0249565 + 0.00974035 --> 0.0346968 = 0.0346968
0.201262 = 0.130594 + 0.0706682 --> 0.201262 = 0.201262
0.129675 = 0.0854924 + 0.0441824 --> 0.129675 = 0.129675
2.74219 = 0.0141548 + 2.72803 --> 2.74219 = 2.74219
0.641893 = 0.0220774 + 0.619816 --> 0.641893 = 0.641893
0.161027 = 0.128234 + 0.0327924 --> 0.161027 = 0.161027
0.0480425 = 0.0238868 + 0.0241557 --> 0.0480425 = 0.0480425
0.70657 = 0.0138046 + 0.692766 --> 0.70657 = 0.70657
0.667118 = 0.0252247 + 0.641893 --> 0.667118 = 0.667118
0.0898002 = 0.0743708 + 0.0154294 --> 0.0898002 = 0.0898002
2.71502 = 0.0140118 + 2.70101 --> 2.71502 = 2.71502
0.123809 = 0.0798039 + 0.0440055 --> 0.123809 = 0.123809
0.210005 = 0.158358 + 0.0516473 --> 0.210005 = 0.210005
0.151257 = 0.100909 + 0.0503488 --> 0.151257 = 0.151257
0.063846 = 0.0300552 + 0.0337908 --> 0.063846 = 0.063846
0.108949 = 0.0191487 + 0.0898002 --> 0.108949 = 0.108949
0.319509 = 0.0228712 + 0.296638 --> 0.319509 = 0.319509
0.100909 = 0.0695076 + 0.0314011 --> 0.100909 = 0.100909
0.128234 = 0.0875774 + 0.0406568 --> 0.128234 = 0.128234
0.158358 = 0.083564 + 0.0747941 --> 0.158358 = 0.158358
0.0743708 = 0.0427129 + 0.0316578 --> 0.0743708 = 0.0743708
0.127647 = 0.0759729 + 0.0516745 --> 0.127647 = 0.127647
0.114722 = 0.0695444 + 0.045178 --> 0.114722 = 0.114722
0.0957469 = 0.0739197 + 0.0218272 --> 0.0957469 = 0.0957469
0.3383 = 0.0196964 + 0.318604 --> 0.3383 = 0.3383
0.0874498 = 0.0455922 + 0.0418576 --> 0.0874498 = 0.0874498
0.107011 = 0.0681222 + 0.0388888 --> 0.107011 = 0.107011
